     1                                  bits 32
     2                                  global start
     3                                  
     4                                  extern exit, printf
     5                                  import exit msvcrt.dll
     6                                  import printf msvcrt.dll
     7                                  
     8                                  segment data use32 class=data
     9 00000000 12                          a db 0x12
    10 00000001 FF00AB00                    b dd 0xab00ff
    11 00000005 1200                        x dw 0x12
    12                                      c equ $-b
    13                                      
    14                                  segment code use32 class=code
    15                                  start:
    16                                      
    17 00000000 B4BC                        mov ah, 0bch
    18 00000002 B0DE                        mov al, 11011110b
    19 00000004 00C4                        add ah, al
    20                                      
    21                                      
    22 00000006 6A00                        push dword 0
    23 00000008 FF15[00000000]              call [exit]
