  Reading Qt configuration (C:/Qt/6.3.0/msvc2019_64/bin/qmake)
  main.cpp
  petguimodelecpp.cpp
E:\University\CSFacultyHomework\CSFacultyHomework\Second_semester\Programare Orientata Obiect\Examples\PetstoreModelView\PetstoreModelView\MyTableModel.h(44,27): error C4430: missing type specifier - int assumed. Note: C++ does not support default-int (compiling source file petguimodelecpp.cpp)
E:\University\CSFacultyHomework\CSFacultyHomework\Second_semester\Programare Orientata Obiect\Examples\PetstoreModelView\PetstoreModelView\MyTableModel.h(44,27): error C2143: syntax error: missing ',' before '<' (compiling source file petguimodelecpp.cpp)
E:\University\CSFacultyHomework\CSFacultyHomework\Second_semester\Programare Orientata Obiect\Examples\PetstoreModelView\PetstoreModelView\petguimodele.h(16,12): error C2143: syntax error: missing ';' before '&' (compiling source file petguimodelecpp.cpp)
E:\University\CSFacultyHomework\CSFacultyHomework\Second_semester\Programare Orientata Obiect\Examples\PetstoreModelView\PetstoreModelView\petguimodele.h(16,12): error C4430: missing type specifier - int assumed. Note: C++ does not support default-int (compiling source file petguimodelecpp.cpp)
E:\University\CSFacultyHomework\CSFacultyHomework\Second_semester\Programare Orientata Obiect\Examples\PetstoreModelView\PetstoreModelView\petguimodele.h(16,17): error C2238: unexpected token(s) preceding ';' (compiling source file petguimodelecpp.cpp)
E:\University\CSFacultyHomework\CSFacultyHomework\Second_semester\Programare Orientata Obiect\Examples\PetstoreModelView\PetstoreModelView\petguimodele.h(38,20): error C2061: syntax error: identifier 'PetService' (compiling source file petguimodelecpp.cpp)
E:\University\CSFacultyHomework\CSFacultyHomework\Second_semester\Programare Orientata Obiect\Examples\PetstoreModelView\PetstoreModelView\petguimodele.h(38,43): error C2065: 'ctr': undeclared identifier (compiling source file petguimodelecpp.cpp)
E:\University\CSFacultyHomework\CSFacultyHomework\Second_semester\Programare Orientata Obiect\Examples\PetstoreModelView\PetstoreModelView\petguimodele.h(38,38): error C2614: 'PetStoreGUIModele': illegal member initialization: 'ctr' is not a base or member (compiling source file petguimodelecpp.cpp)
E:\University\CSFacultyHomework\CSFacultyHomework\Second_semester\Programare Orientata Obiect\Examples\PetstoreModelView\PetstoreModelView\petguimodele.h(40,29): error C2065: 'ctr': undeclared identifier (compiling source file petguimodelecpp.cpp)
E:\University\CSFacultyHomework\CSFacultyHomework\Second_semester\Programare Orientata Obiect\Examples\PetstoreModelView\PetstoreModelView\petguimodele.h(40,1): error C2512: 'MyTableModel': no appropriate default constructor available (compiling source file petguimodelecpp.cpp)
E:\University\CSFacultyHomework\CSFacultyHomework\Second_semester\Programare Orientata Obiect\Examples\PetstoreModelView\PetstoreModelView\petguimodele.h(40,1): message : No constructor could take the source type, or constructor overload resolution was ambiguous (compiling source file petguimodelecpp.cpp)
E:\University\CSFacultyHomework\CSFacultyHomework\Second_semester\Programare Orientata Obiect\Examples\PetstoreModelView\PetstoreModelView\petguimodelecpp.cpp(72,14): error C2065: 'ctr': undeclared identifier
E:\University\CSFacultyHomework\CSFacultyHomework\Second_semester\Programare Orientata Obiect\Examples\PetstoreModelView\PetstoreModelView\petguimodelecpp.cpp(76,14): error C2065: 'ctr': undeclared identifier
E:\University\CSFacultyHomework\CSFacultyHomework\Second_semester\Programare Orientata Obiect\Examples\PetstoreModelView\PetstoreModelView\petguimodelecpp.cpp(82,3): error C2065: 'ctr': undeclared identifier
E:\University\CSFacultyHomework\CSFacultyHomework\Second_semester\Programare Orientata Obiect\Examples\PetstoreModelView\PetstoreModelView\petguimodelecpp.cpp(107,3): error C2065: 'ctr': undeclared identifier
E:\University\CSFacultyHomework\CSFacultyHomework\Second_semester\Programare Orientata Obiect\Examples\PetstoreModelView\PetstoreModelView\petguimodelecpp.cpp(108,14): error C2065: 'ctr': undeclared identifier
E:\University\CSFacultyHomework\CSFacultyHomework\Second_semester\Programare Orientata Obiect\Examples\PetstoreModelView\PetstoreModelView\petguimodelecpp.cpp(116,21): error C2664: 'void MyTableModel::setPets(const int)': cannot convert argument 1 from 'std::vector<Pet,std::allocator<Pet>>' to 'const int'
E:\University\CSFacultyHomework\CSFacultyHomework\Second_semester\Programare Orientata Obiect\Examples\PetstoreModelView\PetstoreModelView\petguimodelecpp.cpp(116,17): message : No user-defined-conversion operator available that can perform this conversion, or the operator cannot be called
E:\University\CSFacultyHomework\CSFacultyHomework\Second_semester\Programare Orientata Obiect\Examples\PetstoreModelView\PetstoreModelView\MyTableModel.h(44,7): message : see declaration of 'MyTableModel::setPets' (compiling source file petguimodelecpp.cpp)
