[2022-05-18 15:07:55] [info] Start Program:
Path:"C:\Users\simon\Documents\Facultate\FacultyHomework\Second_semester\Structuri de date si algoritmi\FinalProjects\laborator6\x64\Debug\laborator6.exe"
Arguments:
Working directory: "C:\Users\simon\Documents\Facultate\FacultyHomework\Second_semester\Structuri de date si algoritmi\FinalProjects\laborator6\laborator6\"
Modules: Selected: C:\Users\simon\Documents\Facultate\FacultyHomework\Second_semester\Structuri de date si algoritmi\FinalProjects\laborator6\x64\Debug\laborator6.exe Excluded: 
Sources: Selected: C:\Users\simon\Documents\Facultate\FacultyHomework\Second_semester\Structuri de date si algoritmi\FinalProjects\laborator6\laborator6 Excluded: 
Log Level: Normal
Cover Children: 0
Aggregate by file: 1
Continue after C++ exception: 0
Optimized build support: 0
Export: Binary C:\Users\simon\AppData\Local\Temp\ozncnqme.5zm 
Input coverage: 
Unified diff: 
Excluded line regular expressions: 
Substitute pdb source paths: 

[2022-05-18 15:07:55] [info] Module: C:\Users\simon\Documents\Facultate\FacultyHomework\Second_semester\Structuri de date si algoritmi\FinalProjects\laborator6\x64\Debug\laborator6.exe is selected because it matches selected pattern: C:\Users\simon\Documents\Facultate\FacultyHomework\Second_semester\Structuri de date si algoritmi\FinalProjects\laborator6\x64\Debug\laborator6.exe
[2022-05-18 15:07:56] [error] 

----------------------------------------------------
*** Unhandled exception code: 3221225477: EXCEPTION_ACCESS_VIOLATION
----------------------------------------------------
If your application was built with optimization enabled, make sure you use --optimized_build

[2022-05-18 15:07:56] [info] ----------------------------------------------------
[2022-05-18 15:07:56] [info] Coverage binary generated in file: C:\Users\simon\AppData\Local\Temp\ozncnqme.5zm
[2022-05-18 15:07:56] [info] ----------------------------------------------------
[2022-05-18 15:07:56] [error] Your program stop with error code: -1073741819
