c:\users\simon\documents\facultate\facultyhomework\second_semester\programare orientata obiect\finalprojects\lab6\lab6\x64\debug\vc143.pdb
c:\users\simon\documents\facultate\facultyhomework\second_semester\programare orientata obiect\finalprojects\lab6\lab6\x64\debug\vc143.idb
c:\users\simon\documents\facultate\facultyhomework\second_semester\programare orientata obiect\finalprojects\lab6\lab6\x64\debug\main.obj
c:\users\simon\documents\facultate\facultyhomework\second_semester\programare orientata obiect\finalprojects\lab6\lab6\x64\debug\ui.obj
c:\users\simon\documents\facultate\facultyhomework\second_semester\programare orientata obiect\finalprojects\lab6\lab6\x64\debug\tests.obj
c:\users\simon\documents\facultate\facultyhomework\second_semester\programare orientata obiect\finalprojects\lab6\lab6\x64\debug\service.obj
c:\users\simon\documents\facultate\facultyhomework\second_semester\programare orientata obiect\finalprojects\lab6\lab6\x64\debug\repository.obj
c:\users\simon\documents\facultate\facultyhomework\second_semester\programare orientata obiect\finalprojects\lab6\lab6\x64\debug\generator.obj
c:\users\simon\documents\facultate\facultyhomework\second_semester\programare orientata obiect\finalprojects\lab6\lab6\x64\debug\entity.obj
c:\users\simon\documents\facultate\facultyhomework\second_semester\programare orientata obiect\finalprojects\lab6\lab6\x64\debug\validator.obj
c:\users\simon\documents\facultate\facultyhomework\second_semester\programare orientata obiect\finalprojects\lab6\lab6\x64\debug\errors.obj
c:\users\simon\documents\facultate\facultyhomework\second_semester\programare orientata obiect\finalprojects\lab6\x64\debug\lab6.pdb
c:\users\simon\documents\facultate\facultyhomework\second_semester\programare orientata obiect\finalprojects\lab6\lab6\x64\debug\lab6.tlog\cl.command.1.tlog
c:\users\simon\documents\facultate\facultyhomework\second_semester\programare orientata obiect\finalprojects\lab6\lab6\x64\debug\lab6.tlog\cl.read.1.tlog
c:\users\simon\documents\facultate\facultyhomework\second_semester\programare orientata obiect\finalprojects\lab6\lab6\x64\debug\lab6.tlog\cl.write.1.tlog
c:\users\simon\documents\facultate\facultyhomework\second_semester\programare orientata obiect\finalprojects\lab6\lab6\x64\debug\lab6.tlog\link-cvtres.read.1.tlog
c:\users\simon\documents\facultate\facultyhomework\second_semester\programare orientata obiect\finalprojects\lab6\lab6\x64\debug\lab6.tlog\link-cvtres.write.1.tlog
c:\users\simon\documents\facultate\facultyhomework\second_semester\programare orientata obiect\finalprojects\lab6\lab6\x64\debug\lab6.tlog\link-rc.read.1.tlog
c:\users\simon\documents\facultate\facultyhomework\second_semester\programare orientata obiect\finalprojects\lab6\lab6\x64\debug\lab6.tlog\link-rc.write.1.tlog
c:\users\simon\documents\facultate\facultyhomework\second_semester\programare orientata obiect\finalprojects\lab6\lab6\x64\debug\lab6.tlog\link.32064-cvtres.read.1.tlog
c:\users\simon\documents\facultate\facultyhomework\second_semester\programare orientata obiect\finalprojects\lab6\lab6\x64\debug\lab6.tlog\link.32064-cvtres.write.1.tlog
c:\users\simon\documents\facultate\facultyhomework\second_semester\programare orientata obiect\finalprojects\lab6\lab6\x64\debug\lab6.tlog\link.32064-rc.read.1.tlog
c:\users\simon\documents\facultate\facultyhomework\second_semester\programare orientata obiect\finalprojects\lab6\lab6\x64\debug\lab6.tlog\link.32064-rc.write.1.tlog
c:\users\simon\documents\facultate\facultyhomework\second_semester\programare orientata obiect\finalprojects\lab6\lab6\x64\debug\lab6.tlog\link.32064.read.1.tlog
c:\users\simon\documents\facultate\facultyhomework\second_semester\programare orientata obiect\finalprojects\lab6\lab6\x64\debug\lab6.tlog\link.32064.read.2.tlog
c:\users\simon\documents\facultate\facultyhomework\second_semester\programare orientata obiect\finalprojects\lab6\lab6\x64\debug\lab6.tlog\link.32064.write.1.tlog
c:\users\simon\documents\facultate\facultyhomework\second_semester\programare orientata obiect\finalprojects\lab6\lab6\x64\debug\lab6.tlog\link.command.1.tlog
c:\users\simon\documents\facultate\facultyhomework\second_semester\programare orientata obiect\finalprojects\lab6\lab6\x64\debug\lab6.tlog\link.read.1.tlog
c:\users\simon\documents\facultate\facultyhomework\second_semester\programare orientata obiect\finalprojects\lab6\lab6\x64\debug\lab6.tlog\link.read.2.tlog
c:\users\simon\documents\facultate\facultyhomework\second_semester\programare orientata obiect\finalprojects\lab6\lab6\x64\debug\lab6.tlog\link.write.1.tlog
