[2022-05-10 10:51:04] [info] Start Program:
Path:"C:\Users\andre\source\repos\lab10_OOP\x64\Debug\lab10_OOP.exe"
Arguments:
Working directory: "C:\Users\andre\source\repos\lab10_OOP\lab10_OOP\"
Modules: Selected: C:\Users\andre\source\repos\lab10_OOP\x64\Debug\lab10_OOP.exe Excluded: 
Sources: Selected: C:\Users\andre\source\repos\lab10_OOP\lab10_OOP Excluded: 
Log Level: Normal
Cover Children: 0
Aggregate by file: 1
Continue after C++ exception: 0
Optimized build support: 0
Export: Binary C:\Users\andre\AppData\Local\Temp\sbxr0khw.qua 
Input coverage: 
Unified diff: 
Excluded line regular expressions: 
Substitute pdb source paths: 

[2022-05-10 10:51:04] [info] Module: C:\Users\andre\source\repos\lab10_OOP\x64\Debug\lab10_OOP.exe is selected because it matches selected pattern: C:\Users\andre\source\repos\lab10_OOP\x64\Debug\lab10_OOP.exe
[2022-05-10 10:51:04] [info] ----------------------------------------------------
[2022-05-10 10:51:04] [info] Coverage binary generated in file: C:\Users\andre\AppData\Local\Temp\sbxr0khw.qua
[2022-05-10 10:51:04] [info] ----------------------------------------------------
[2022-05-10 10:51:04] [error] Your program stop with error code: -1073741515
