SAGE_TMP_ROOT = /home/sage/.sage/temp/DESKTOP-VCR5GTN
Starting sage-cleaner with PID 838
Checking PIDs [1799, 1806, 1813, 1820]
Process 1799 is no longer running, so we clean up
Deleting /home/sage/.sage/temp/DESKTOP-VCR5GTN/1799
Process 1806 is no longer running, so we clean up
Deleting /home/sage/.sage/temp/DESKTOP-VCR5GTN/1806
Process 1813 is no longer running, so we clean up
Deleting /home/sage/.sage/temp/DESKTOP-VCR5GTN/1813
Process 1820 is no longer running, so we clean up
Deleting /home/sage/.sage/temp/DESKTOP-VCR5GTN/1820
Checking PIDs []
Checking PIDs []
Checking PIDs []
Checking PIDs []
Checking PIDs [848]
Checking PIDs [848, 855]
Checking PIDs [848, 855]
Checking PIDs [848, 855]
Checking PIDs [848, 855]
Checking PIDs [848, 855]
Checking PIDs [848, 855]
Checking PIDs [848, 855]
Checking PIDs [848, 855]
Checking PIDs [848, 855]
Checking PIDs [848, 855]
Checking PIDs [848, 855]
Checking PIDs [848, 855]
Checking PIDs [848, 855]
Checking PIDs [848, 855]
Checking PIDs [848, 855]
Checking PIDs [848, 855]
Checking PIDs [848, 855]
Checking PIDs [848, 855]
Checking PIDs [848, 855]
Checking PIDs [848, 855]
Checking PIDs [848, 855]
Checking PIDs [848, 855]
Checking PIDs [848, 855]
Checking PIDs [848, 855]
Checking PIDs [848, 855]
Checking PIDs [848, 855]
Checking PIDs [848, 855]
Checking PIDs [848, 855]
Checking PIDs [848, 855]
Checking PIDs [848, 855]
Checking PIDs [848, 855]
Checking PIDs [848, 855]
Checking PIDs [848, 855]
Checking PIDs [848, 855]
Checking PIDs [848, 855]
Checking PIDs [848, 855]
Checking PIDs [848, 855]
Checking PIDs [848, 855]
Checking PIDs [848, 855]
Checking PIDs [848, 855]
Checking PIDs [848, 855]
Checking PIDs [848, 855]
Checking PIDs [848, 855]
Checking PIDs [848, 855]
Checking PIDs [848, 855]
Checking PIDs [848, 855]
Checking PIDs [848, 855]
Checking PIDs [848, 855]
Checking PIDs [848, 855]
Checking PIDs [848, 855]
Checking PIDs [848, 855]
Checking PIDs [848, 855]
Checking PIDs [848, 855]
Checking PIDs [848, 855]
Checking PIDs [848, 855]
Checking PIDs [848, 855]
Checking PIDs [848, 855]
Checking PIDs [848, 855]
Checking PIDs [848, 855]
Checking PIDs [848, 855]
Checking PIDs [848, 855]
Checking PIDs [848, 855]
Checking PIDs [848, 855]
Checking PIDs [848, 855]
Checking PIDs [848, 855]
Checking PIDs [848, 855]
Checking PIDs [848, 855]
Checking PIDs [848, 855]
Checking PIDs [848, 855]
Checking PIDs [848, 855]
Checking PIDs [848, 855]
Checking PIDs [848, 855]
Checking PIDs [848, 855]
Checking PIDs [848, 855]
Checking PIDs [848, 855]
Checking PIDs [848, 855]
Checking PIDs [848, 855]
Checking PIDs [848, 855]
Checking PIDs [848, 855]
Checking PIDs [848, 855]
Checking PIDs [848, 855]
Checking PIDs [848, 855]
Checking PIDs [848, 855]
Checking PIDs [848, 855]
Checking PIDs [848, 855]
Checking PIDs [848, 855]
Checking PIDs [848, 855]
Checking PIDs [848, 855]
Checking PIDs [848, 855]
Checking PIDs [848, 855]
Checking PIDs [848, 855]
Checking PIDs [848, 855]
Checking PIDs [848, 855]
Checking PIDs [848, 855]
Checking PIDs [848, 855]
Checking PIDs [848, 855]
Checking PIDs [848, 855]
Checking PIDs [848, 855]
Checking PIDs [848, 855]
Checking PIDs [848, 855]
Checking PIDs [848, 855]
Checking PIDs [848, 855]
Checking PIDs [848, 855]
Checking PIDs [848, 855]
Checking PIDs [848, 855]
Checking PIDs [848, 855]
Checking PIDs [848, 855]
Checking PIDs [848, 855]
Checking PIDs [848, 855]
Checking PIDs [848, 855]
Checking PIDs [848, 855]
Checking PIDs [848, 855]
Checking PIDs [848, 855]
Checking PIDs [848, 855]
Checking PIDs [848, 855]
Checking PIDs [848, 855]
Checking PIDs [848, 855]
Checking PIDs [848, 855]
Checking PIDs [848, 855]
Checking PIDs [848, 855]
Checking PIDs [848, 855]
Checking PIDs [848, 855]
Checking PIDs [848, 855]
Checking PIDs [848, 855]
Checking PIDs [848, 855]
Checking PIDs [848, 855]
Checking PIDs [848, 855]
Checking PIDs [848, 855]
Checking PIDs [848, 855]
Checking PIDs [848, 855]
Checking PIDs [848, 855]
Checking PIDs [848, 855]
Checking PIDs [848, 855]
Checking PIDs [848, 855]
Checking PIDs [848, 855]
Checking PIDs [848, 855]
Checking PIDs [848, 855]
Checking PIDs [848, 855]
Checking PIDs [848, 855]
Checking PIDs [848, 855]
Checking PIDs [848, 855]
Checking PIDs [848, 855]
Checking PIDs [848, 855]
Checking PIDs [848, 855]
Checking PIDs [848, 855]
Checking PIDs [848, 855]
Checking PIDs [848, 855]
Checking PIDs [848, 855]
Checking PIDs [848, 855]
Checking PIDs [848, 855]
Checking PIDs [848, 855]
Checking PIDs [848, 855]
Checking PIDs [848, 855]
Checking PIDs [848, 855]
Checking PIDs [848, 855]
Checking PIDs [848, 855]
Checking PIDs [848, 855]
Checking PIDs [848, 855]
Checking PIDs [848, 855]
Checking PIDs [848, 855]
Checking PIDs [848, 855]
Checking PIDs [848, 855]
Checking PIDs [848, 855]
Checking PIDs [848, 855]
Checking PIDs [848, 855]
Checking PIDs [848, 855]
Checking PIDs [848, 855]
Checking PIDs [848, 855]
Checking PIDs [848, 855]
Checking PIDs [848, 855]
Checking PIDs [848, 855]
Checking PIDs [848, 855]
Checking PIDs [848, 855]
Checking PIDs [848, 855]
Checking PIDs [848, 855]
Checking PIDs [848, 855]
Checking PIDs [848, 855]
Checking PIDs [848, 855]
Checking PIDs [848, 855]
Checking PIDs [848, 855]
Checking PIDs [848, 855]
Checking PIDs [848, 855]
Checking PIDs [848, 855]
Checking PIDs [848, 855]
Checking PIDs [848, 855]
Checking PIDs [848, 855]
Checking PIDs [848, 855]
Checking PIDs [848, 855]
Checking PIDs [848, 855]
Checking PIDs [848, 855]
Checking PIDs [848, 855]
Checking PIDs [848, 855]
Checking PIDs [848, 855]
Checking PIDs [848, 855]
Checking PIDs [848, 855]
Checking PIDs [848, 855]
Checking PIDs [848, 855]
Checking PIDs [848, 855]
Checking PIDs [848, 855]
Checking PIDs [848, 855]
Checking PIDs [848, 855]
Checking PIDs [848, 855]
Checking PIDs [848, 855]
Checking PIDs [848, 855]
Checking PIDs [848, 855]
Checking PIDs [848, 855]
Checking PIDs [848, 855]
Checking PIDs [848, 855]
Checking PIDs [848, 855]
Checking PIDs [848, 855]
Checking PIDs [848, 855]
Checking PIDs [848, 855]
Checking PIDs [848, 855]
Checking PIDs [848, 855]
Checking PIDs [848, 855]
Checking PIDs [848, 855]
Checking PIDs [848, 855]
Checking PIDs [848, 855]
SAGE_TMP_ROOT = /home/sage/.sage/temp/DESKTOP-VCR5GTN
Starting sage-cleaner with PID 258
Checking PIDs [848, 855]
Process 848 is no longer running, so we clean up
Deleting /home/sage/.sage/temp/DESKTOP-VCR5GTN/848
Process 855 is no longer running, so we clean up
Deleting /home/sage/.sage/temp/DESKTOP-VCR5GTN/855
Checking PIDs []
Checking PIDs [268]
Checking PIDs [268]
Checking PIDs [268]
Checking PIDs []
Checking PIDs [275]
Checking PIDs [275]
Checking PIDs [275]
Checking PIDs [275]
Checking PIDs [275]
Checking PIDs [275]
Checking PIDs [275]
Checking PIDs [275]
Checking PIDs [275]
Checking PIDs [275]
Checking PIDs [275]
Checking PIDs [275]
Checking PIDs [275]
Checking PIDs [275]
Checking PIDs [275]
Checking PIDs [275]
Checking PIDs [275]
Checking PIDs [275]
Checking PIDs [275]
Checking PIDs [275]
Checking PIDs [275]
Checking PIDs [275]
Checking PIDs [275]
Checking PIDs [275]
Checking PIDs [275]
Checking PIDs [275]
Checking PIDs [275]
Checking PIDs [275]
Checking PIDs [275]
Checking PIDs [275]
Checking PIDs [275]
Checking PIDs [275]
Checking PIDs [275]
Checking PIDs [275]
Checking PIDs [275]
Checking PIDs [275]
Checking PIDs [275]
Checking PIDs [275]
Checking PIDs [275]
Checking PIDs [275]
Checking PIDs [275]
Checking PIDs [275]
Checking PIDs [275]
Checking PIDs [275]
Checking PIDs [275]
Checking PIDs [275]
Checking PIDs [275]
Checking PIDs [275]
Checking PIDs [275]
Checking PIDs [275]
Checking PIDs [275]
Checking PIDs [275]
Checking PIDs [275]
Checking PIDs [275]
Checking PIDs [275]
Checking PIDs [275]
Checking PIDs [275]
Checking PIDs [275]
Checking PIDs [275]
Checking PIDs [275]
Checking PIDs [275]
Checking PIDs [275]
Checking PIDs [275]
Checking PIDs [275]
Checking PIDs [275]
Checking PIDs [275]
Checking PIDs [275]
Checking PIDs [275]
Checking PIDs [275]
Checking PIDs [275]
Checking PIDs [275]
Checking PIDs [275]
Checking PIDs [275]
Checking PIDs [275]
Checking PIDs [275]
Checking PIDs [275]
Checking PIDs [275]
Checking PIDs [275]
Checking PIDs [275]
Checking PIDs [275]
Checking PIDs [275]
Checking PIDs [275]
Checking PIDs [275]
Checking PIDs [275]
Checking PIDs [275]
Checking PIDs [275]
Checking PIDs [275]
Checking PIDs [275]
Checking PIDs [275]
Checking PIDs [275]
Checking PIDs [275]
Checking PIDs [275]
Checking PIDs [275]
Checking PIDs [275]
Checking PIDs [275]
Checking PIDs [275]
Checking PIDs [275]
Checking PIDs [275]
Checking PIDs [275]
Checking PIDs [275]
Checking PIDs [275]
Checking PIDs [275]
Checking PIDs [275]
Checking PIDs [275]
Checking PIDs [275]
Checking PIDs [275]
Checking PIDs [275]
Checking PIDs [275]
Checking PIDs [275]
Checking PIDs [275]
Checking PIDs [275]
Checking PIDs [275]
Checking PIDs [275]
Checking PIDs [275]
Checking PIDs [275]
Checking PIDs [275]
Checking PIDs [275]
Checking PIDs [275]
Checking PIDs [275]
Checking PIDs [275]
Checking PIDs [275]
Checking PIDs [275]
Checking PIDs [275]
Checking PIDs [275]
Checking PIDs [275]
Checking PIDs [275]
Checking PIDs [275]
Checking PIDs [275]
Checking PIDs [275]
Checking PIDs [275]
Checking PIDs [275]
Checking PIDs [275]
Checking PIDs [275]
Checking PIDs [275]
Checking PIDs [275]
Checking PIDs [275]
Checking PIDs [275]
Checking PIDs [275]
Checking PIDs [275]
Checking PIDs [275]
Checking PIDs [275]
Checking PIDs [275]
Checking PIDs [275]
Checking PIDs [275]
Checking PIDs [275]
Checking PIDs [275]
Checking PIDs [275]
Checking PIDs [275]
Checking PIDs [275]
Checking PIDs [275]
Checking PIDs [275]
Checking PIDs [275]
Checking PIDs [275]
Checking PIDs [275]
Checking PIDs [275]
Checking PIDs [275]
Checking PIDs [275]
Checking PIDs [275]
Checking PIDs [275]
Checking PIDs [275]
Checking PIDs [275]
Checking PIDs [275]
Checking PIDs [275]
Checking PIDs [275]
Checking PIDs [275]
Checking PIDs [275]
Checking PIDs [275]
Checking PIDs [275]
Checking PIDs [275]
Checking PIDs [275]
Checking PIDs [275]
Checking PIDs [275]
Checking PIDs [275]
Checking PIDs [275]
Checking PIDs [275]
Checking PIDs [275]
Checking PIDs [275]
Checking PIDs [275]
Checking PIDs [275]
Checking PIDs [275]
Checking PIDs [275]
Checking PIDs [275]
Checking PIDs [275]
Checking PIDs [275]
Checking PIDs [275]
Checking PIDs [275]
Checking PIDs [275]
Checking PIDs [275]
Checking PIDs [275]
Checking PIDs [275]
Checking PIDs [275]
Checking PIDs [275]
Checking PIDs [275]
Checking PIDs [275]
Checking PIDs [275]
Checking PIDs [275]
Checking PIDs [275]
Checking PIDs [275]
Checking PIDs [275]
Checking PIDs [275]
Checking PIDs [275]
Checking PIDs [275]
Checking PIDs [275]
Checking PIDs [275]
Checking PIDs [275]
Checking PIDs [275]
Checking PIDs [275]
Checking PIDs [275]
Checking PIDs [275]
Checking PIDs [275]
Checking PIDs [275, 282]
Checking PIDs [275, 282]
Checking PIDs [275, 282]
Checking PIDs [275, 282]
Checking PIDs [275, 282]
SAGE_TMP_ROOT = /home/sage/.sage/temp/DESKTOP-VCR5GTN
Starting sage-cleaner with PID 1144
Checking PIDs [275, 282]
Process 275 is no longer running, so we clean up
Deleting /home/sage/.sage/temp/DESKTOP-VCR5GTN/275
Process 282 is no longer running, so we clean up
Deleting /home/sage/.sage/temp/DESKTOP-VCR5GTN/282
Checking PIDs []
Checking PIDs []
Checking PIDs [1154]
Checking PIDs [1154]
Checking PIDs [1154]
Checking PIDs [1154, 1161]
Checking PIDs [1154, 1161]
Checking PIDs [1154, 1161]
Checking PIDs [1154, 1161]
Checking PIDs [1154, 1161]
Checking PIDs [1154, 1161]
Checking PIDs [1154, 1161]
Checking PIDs [1154, 1161]
Checking PIDs [1154, 1161]
Checking PIDs [1154, 1161]
Checking PIDs [1154, 1161]
Checking PIDs [1154, 1161]
Checking PIDs [1154, 1161]
Checking PIDs [1154, 1161]
Checking PIDs [1154, 1161]
Checking PIDs [1154, 1161]
Checking PIDs [1154, 1161]
Checking PIDs [1154, 1161]
Checking PIDs [1154, 1161]
Checking PIDs [1154, 1161]
Checking PIDs [1154, 1161]
Checking PIDs [1154, 1161]
Checking PIDs [1154, 1161]
Checking PIDs [1154, 1161]
Checking PIDs [1154, 1161]
Checking PIDs [1154, 1161]
Checking PIDs [1154, 1161]
Checking PIDs [1154, 1161]
Checking PIDs [1154, 1161]
Checking PIDs [1154, 1161]
Checking PIDs [1154, 1161]
Checking PIDs [1154, 1161]
Checking PIDs [1154, 1161]
Checking PIDs [1154, 1161]
Checking PIDs [1154, 1161]
Checking PIDs [1154, 1161]
Checking PIDs [1154, 1161]
Checking PIDs [1154, 1161]
Checking PIDs [1154, 1161]
Checking PIDs [1154, 1161]
Checking PIDs [1154, 1161]
Checking PIDs [1154, 1161]
Checking PIDs [1154, 1161]
Checking PIDs [1154, 1161]
Checking PIDs [1154, 1161]
Checking PIDs [1154, 1161]
Checking PIDs [1154, 1161]
Checking PIDs [1154, 1161]
Checking PIDs [1154, 1161]
Checking PIDs [1154, 1161]
Checking PIDs [1154, 1161]
Checking PIDs [1154, 1161]
Checking PIDs [1154, 1161]
Checking PIDs [1154, 1161]
Checking PIDs [1154, 1161]
Checking PIDs [1154, 1161]
Checking PIDs [1154, 1161]
Checking PIDs [1154, 1161]
Checking PIDs [1154, 1161]
Checking PIDs [1154, 1161]
Checking PIDs [1154, 1161]
Checking PIDs [1154, 1161]
Checking PIDs [1154, 1161]
Checking PIDs [1154, 1161]
Checking PIDs [1154, 1161]
Checking PIDs [1154, 1161]
Checking PIDs [1154, 1161]
Checking PIDs [1154, 1161]
Checking PIDs [1154, 1161, 1168]
Checking PIDs [1154, 1161, 1168]
Checking PIDs [1154, 1161, 1168]
Checking PIDs [1154, 1161, 1168]
Checking PIDs [1154, 1161, 1168]
Checking PIDs [1154, 1161, 1168]
Checking PIDs [1154, 1161, 1168]
Checking PIDs [1154, 1161, 1168]
Checking PIDs [1154, 1161, 1168]
Checking PIDs [1154, 1161, 1168]
Checking PIDs [1154, 1161, 1168]
Checking PIDs [1154, 1161, 1168]
Checking PIDs [1154, 1161, 1168]
Checking PIDs [1154, 1161, 1168]
Checking PIDs [1154, 1161, 1168]
Checking PIDs [1154, 1161, 1168]
Checking PIDs [1154, 1161, 1168]
Checking PIDs [1154, 1161, 1168]
Checking PIDs [1154, 1161, 1168]
Checking PIDs [1154, 1161, 1168]
Checking PIDs [1154, 1161, 1168]
Checking PIDs [1154, 1161, 1168]
Checking PIDs [1154, 1161, 1168]
Checking PIDs [1154, 1161, 1168]
Checking PIDs [1154, 1161, 1168]
Checking PIDs [1154, 1161, 1168]
Checking PIDs [1154, 1161, 1168]
Checking PIDs [1154, 1161, 1168]
Checking PIDs [1154, 1161, 1168]
Checking PIDs [1154, 1161, 1168]
Checking PIDs [1154, 1161, 1168]
Checking PIDs [1154, 1161, 1168]
Checking PIDs [1154, 1161, 1168]
Checking PIDs [1154, 1161, 1168]
Checking PIDs [1154, 1161, 1168]
Checking PIDs [1154, 1161, 1168]
Checking PIDs [1154, 1161, 1168]
Checking PIDs [1154, 1161, 1168]
Checking PIDs [1154, 1161, 1168]
Checking PIDs [1154, 1161, 1168]
Checking PIDs [1154, 1161, 1168]
Checking PIDs [1154, 1161, 1168]
Checking PIDs [1154, 1161, 1168]
Checking PIDs [1154, 1161, 1168]
Checking PIDs [1154, 1161, 1168]
Checking PIDs [1154, 1161, 1168]
Checking PIDs [1154, 1161, 1168]
Checking PIDs [1154, 1161, 1168]
Checking PIDs [1154, 1161, 1168]
Checking PIDs [1154, 1161, 1168]
Checking PIDs [1154, 1161, 1168]
Checking PIDs [1154, 1161, 1168]
Checking PIDs [1154, 1161, 1168]
Checking PIDs [1154, 1161, 1168]
Checking PIDs [1154, 1161, 1168]
Checking PIDs [1154, 1161, 1168]
Checking PIDs [1154, 1161, 1168]
Checking PIDs [1154, 1161, 1168]
Checking PIDs [1154, 1161, 1168]
Checking PIDs [1154, 1161, 1168]
Checking PIDs [1154, 1161, 1168]
Checking PIDs [1154, 1161, 1168]
Checking PIDs [1154, 1161, 1168]
Checking PIDs [1154, 1161, 1168]
Checking PIDs [1154, 1161, 1168]
Checking PIDs [1154, 1161, 1168]
Checking PIDs [1154, 1161, 1168]
Checking PIDs [1154, 1161, 1168]
Checking PIDs [1154, 1161, 1168]
Checking PIDs [1154, 1161, 1168]
Checking PIDs [1154, 1161, 1168]
Checking PIDs [1154, 1161, 1168]
Checking PIDs [1154, 1161, 1168]
Checking PIDs [1154, 1161, 1168]
Checking PIDs [1154, 1161, 1168]
Checking PIDs [1154, 1161, 1168]
Checking PIDs [1154, 1161, 1168]
Checking PIDs [1154, 1161, 1168]
Checking PIDs [1154, 1161, 1168]
Checking PIDs [1154, 1161, 1168]
Checking PIDs [1154, 1161, 1168]
Checking PIDs [1154, 1161, 1168]
Checking PIDs [1154, 1161, 1168]
Checking PIDs [1154, 1161, 1168]
Checking PIDs [1154, 1161, 1168]
Checking PIDs [1154, 1161, 1168]
Checking PIDs [1154, 1161, 1168]
Checking PIDs [1154, 1161, 1168]
Checking PIDs [1154, 1161, 1168]
Checking PIDs [1154, 1161, 1168]
Checking PIDs [1154, 1161, 1168]
Checking PIDs [1154, 1161, 1168]
Checking PIDs [1154, 1161, 1168]
Checking PIDs [1154, 1161, 1168]
Checking PIDs [1154, 1161, 1168]
Checking PIDs [1154, 1161, 1168]
Checking PIDs [1154, 1161, 1168]
Checking PIDs [1154, 1161, 1168]
Checking PIDs [1154, 1161, 1168]
Checking PIDs [1154, 1161, 1168]
Checking PIDs [1154, 1161, 1168]
Checking PIDs [1154, 1161, 1168]
Checking PIDs [1154, 1161, 1168]
Checking PIDs [1154, 1161, 1168]
Checking PIDs [1154, 1161, 1168]
Checking PIDs [1154, 1161, 1168]
Checking PIDs [1154, 1161, 1168]
Checking PIDs [1154, 1161, 1168]
Checking PIDs [1154, 1161, 1168]
Checking PIDs [1154, 1161, 1168]
Checking PIDs [1154, 1161, 1168]
Checking PIDs [1154, 1161, 1168]
Checking PIDs [1154, 1161, 1168]
Checking PIDs [1154, 1161, 1168]
Checking PIDs [1154, 1161, 1168]
Checking PIDs [1154, 1161, 1168]
Checking PIDs [1154, 1161, 1168]
Checking PIDs [1154, 1161, 1168]
Checking PIDs [1154, 1161, 1168]
Checking PIDs [1154, 1161, 1168]
Checking PIDs [1154, 1161, 1168]
Checking PIDs [1154, 1161, 1168]
Checking PIDs [1154, 1161, 1168]
Checking PIDs [1154, 1161, 1168]
Checking PIDs [1154, 1161, 1168]
Checking PIDs [1154, 1161, 1168]
Checking PIDs [1154, 1161, 1168]
Checking PIDs [1154, 1161, 1168]
Checking PIDs [1154, 1161, 1168]
Checking PIDs [1154, 1161, 1168]
Checking PIDs [1154, 1161, 1168]
Checking PIDs [1154, 1161, 1168]
Checking PIDs [1154, 1161, 1168]
Checking PIDs [1154, 1161, 1168]
Checking PIDs [1154, 1161, 1168]
Checking PIDs [1154, 1161, 1168]
Checking PIDs [1154, 1161, 1168]
Checking PIDs [1154, 1161, 1168]
Checking PIDs [1154, 1161, 1168]
Checking PIDs [1154, 1161, 1168]
Checking PIDs [1154, 1161, 1168]
Checking PIDs [1154, 1161, 1168]
Checking PIDs [1154, 1161, 1168]
Checking PIDs [1154, 1161, 1168]
Checking PIDs [1154, 1161, 1168]
Checking PIDs [1154, 1161, 1168]
Checking PIDs [1154, 1161, 1168]
Checking PIDs [1154, 1161, 1168]
Checking PIDs [1154, 1161, 1168]
Checking PIDs [1154, 1161, 1168]
Checking PIDs [1154, 1161, 1168]
Checking PIDs [1154, 1161, 1168]
Checking PIDs [1154, 1161, 1168]
Checking PIDs [1154, 1161, 1168]
Checking PIDs [1154, 1161, 1168]
Checking PIDs [1154, 1161, 1168]
Checking PIDs [1154, 1161, 1168]
Checking PIDs [1154, 1161, 1168]
Checking PIDs [1154, 1161, 1168]
Checking PIDs [1154, 1161, 1168]
Checking PIDs [1154, 1161, 1168]
Checking PIDs [1154, 1161, 1168]
Checking PIDs [1154, 1161, 1168]
Checking PIDs [1154, 1161, 1168]
Checking PIDs [1154, 1161, 1168]
Checking PIDs [1154, 1161, 1168]
Checking PIDs [1154, 1161, 1168]
Checking PIDs [1154, 1161, 1168]
Checking PIDs [1154, 1161, 1168]
Checking PIDs [1154, 1161, 1168]
Checking PIDs [1154, 1161, 1168]
Checking PIDs [1154, 1161, 1168]
Checking PIDs [1154, 1161, 1168]
Checking PIDs [1154, 1161, 1168]
Checking PIDs [1154, 1161, 1168]
Checking PIDs [1154, 1161, 1168]
Checking PIDs [1154, 1161, 1168]
Checking PIDs [1154, 1161, 1168]
Checking PIDs [1154, 1161, 1168]
Checking PIDs [1154, 1161, 1168]
Checking PIDs [1154, 1161, 1168]
Checking PIDs [1154, 1161, 1168]
Checking PIDs [1154, 1161, 1168]
Checking PIDs [1154, 1161, 1168]
Checking PIDs [1154, 1161, 1168]
Checking PIDs [1154, 1161, 1168]
Checking PIDs [1154, 1161, 1168]
Checking PIDs [1154, 1161, 1168]
Checking PIDs [1154, 1161, 1168]
Checking PIDs [1154, 1161, 1168]
Checking PIDs [1154, 1161, 1168]
Checking PIDs [1154, 1161, 1168]
Checking PIDs [1154, 1161, 1168]
Checking PIDs [1154, 1161, 1168]
Checking PIDs [1154, 1161, 1168]
Checking PIDs [1154, 1161, 1168]
Checking PIDs [1154, 1161, 1168]
Checking PIDs [1154, 1161, 1168]
Checking PIDs [1154, 1161, 1168]
Checking PIDs [1154, 1161, 1168]
Checking PIDs [1154, 1161, 1168]
Checking PIDs [1154, 1161, 1168]
Checking PIDs [1154, 1161, 1168]
Checking PIDs [1154, 1161, 1168]
Checking PIDs [1154, 1161, 1168]
Checking PIDs [1154, 1161, 1168]
Checking PIDs [1154, 1161, 1168]
Checking PIDs [1154, 1161, 1168]
Checking PIDs [1154, 1161, 1168]
Checking PIDs [1154, 1161, 1168]
Checking PIDs [1154, 1161, 1168]
Checking PIDs [1154, 1161, 1168]
Checking PIDs [1154, 1161, 1168]
Checking PIDs [1154, 1161, 1168]
Checking PIDs [1154, 1161, 1168]
Checking PIDs [1154, 1161, 1168]
Checking PIDs [1154, 1161, 1168]
Checking PIDs [1154, 1161, 1168]
Checking PIDs [1154, 1161, 1168]
Checking PIDs [1154, 1161, 1168]
Checking PIDs [1154, 1161, 1168]
Checking PIDs [1154, 1161, 1168]
Checking PIDs [1154, 1161, 1168]
Checking PIDs [1154, 1161, 1168]
Checking PIDs [1154, 1161, 1168]
Checking PIDs [1154, 1161, 1168]
Checking PIDs [1154, 1161, 1168]
Checking PIDs [1154, 1161, 1168]
Checking PIDs [1154, 1161, 1168]
Checking PIDs [1154, 1161, 1168]
Checking PIDs [1154, 1161, 1168]
Checking PIDs [1154, 1161, 1168]
Checking PIDs [1154, 1161, 1168]
Checking PIDs [1154, 1161, 1168]
Checking PIDs [1154, 1161, 1168]
Checking PIDs [1154, 1161, 1168]
Checking PIDs [1154, 1161, 1168]
Checking PIDs [1154, 1161, 1168]
Checking PIDs [1154, 1161, 1168]
Checking PIDs [1154, 1161, 1168]
Checking PIDs [1154, 1161, 1168]
Checking PIDs [1154, 1161, 1168]
Checking PIDs [1154, 1161, 1168]
Checking PIDs [1154, 1161, 1168, 1178]
Checking PIDs [1154, 1161, 1168, 1178]
Checking PIDs [1154, 1161, 1168, 1178]
Checking PIDs [1154, 1161, 1168, 1178]
Checking PIDs [1154, 1161, 1168, 1178]
Checking PIDs [1154, 1161, 1168, 1178]
Checking PIDs [1154, 1161, 1168, 1178]
Checking PIDs [1154, 1161, 1168, 1178]
Checking PIDs [1154, 1161, 1168, 1178]
Checking PIDs [1154, 1161, 1168, 1178]
Checking PIDs [1154, 1161, 1168, 1178]
Checking PIDs [1154, 1161, 1168, 1178]
Checking PIDs [1154, 1161, 1168, 1178]
Checking PIDs [1154, 1161, 1168, 1178]
Checking PIDs [1154, 1161, 1168, 1178]
Checking PIDs [1154, 1161, 1168, 1178]
Checking PIDs [1154, 1161, 1168, 1178]
Checking PIDs [1154, 1161, 1168, 1178]
Checking PIDs [1154, 1161, 1168, 1178]
Checking PIDs [1154, 1161, 1168, 1178]
Checking PIDs [1154, 1161, 1168, 1178]
Checking PIDs [1154, 1161, 1168, 1178]
Checking PIDs [1154, 1161, 1168, 1178]
Checking PIDs [1154, 1161, 1168, 1178]
Checking PIDs [1154, 1161, 1168, 1178]
Checking PIDs [1154, 1161, 1168, 1178]
Checking PIDs [1154, 1161, 1168, 1178]
Checking PIDs [1154, 1161, 1168, 1178]
Checking PIDs [1154, 1161, 1168, 1178]
Checking PIDs [1154, 1161, 1168, 1178]
Checking PIDs [1154, 1161, 1168, 1178]
Checking PIDs [1154, 1161, 1168, 1178]
Checking PIDs [1154, 1161, 1168, 1178]
Checking PIDs [1154, 1161, 1168, 1178]
Checking PIDs [1154, 1161, 1168, 1178]
Checking PIDs [1154, 1161, 1168, 1178]
Checking PIDs [1154, 1161, 1168, 1178]
Checking PIDs [1154, 1161, 1168, 1178]
Checking PIDs [1154, 1161, 1168, 1178]
Checking PIDs [1154, 1161, 1168, 1178]
Checking PIDs [1154, 1161, 1168, 1178]
Checking PIDs [1154, 1161, 1168, 1178]
Checking PIDs [1154, 1161, 1168, 1178]
Checking PIDs [1154, 1161, 1168, 1178]
Checking PIDs [1154, 1161, 1168, 1178]
Checking PIDs [1154, 1161, 1168, 1178]
Checking PIDs [1154, 1161, 1168, 1178]
Checking PIDs [1154, 1161, 1168, 1178]
Checking PIDs [1154, 1161, 1168, 1178]
Checking PIDs [1154, 1161, 1168, 1178]
Checking PIDs [1154, 1161, 1168, 1178]
Checking PIDs [1154, 1161, 1168, 1178]
Checking PIDs [1154, 1161, 1168, 1178]
Checking PIDs [1154, 1161, 1168, 1178]
Checking PIDs [1154, 1161, 1168, 1178]
Checking PIDs [1154, 1161, 1168, 1178]
Checking PIDs [1154, 1161, 1168, 1178]
Checking PIDs [1154, 1161, 1168, 1178]
Checking PIDs [1154, 1161, 1168, 1178]
Checking PIDs [1154, 1161, 1168, 1178]
Checking PIDs [1154, 1161, 1168, 1178]
Checking PIDs [1154, 1161, 1168, 1178]
Checking PIDs [1154, 1161, 1168, 1178]
Checking PIDs [1154, 1161, 1168, 1178]
Checking PIDs [1154, 1161, 1168, 1178]
Checking PIDs [1154, 1161, 1168, 1178]
Checking PIDs [1154, 1161, 1168, 1178]
Checking PIDs [1154, 1161, 1168, 1178]
Checking PIDs [1154, 1161, 1168, 1178]
Checking PIDs [1154, 1161, 1168, 1178]
Checking PIDs [1154, 1161, 1168, 1178]
Checking PIDs [1154, 1161, 1168, 1178]
Checking PIDs [1154, 1161, 1168, 1178]
Checking PIDs [1154, 1161, 1168, 1178]
Checking PIDs [1154, 1161, 1168, 1178]
Checking PIDs [1154, 1161, 1168, 1178]
Checking PIDs [1154, 1161, 1168, 1178]
Checking PIDs [1154, 1161, 1168, 1178]
Checking PIDs [1154, 1161, 1168, 1178]
Checking PIDs [1154, 1161, 1168, 1178]
Checking PIDs [1154, 1161, 1168, 1178]
Checking PIDs [1154, 1161, 1168, 1178]
Checking PIDs [1154, 1161, 1168, 1178]
Checking PIDs [1154, 1161, 1168, 1178]
Checking PIDs [1154, 1161, 1168, 1178]
Checking PIDs [1154, 1161, 1168, 1178]
Checking PIDs [1154, 1161, 1168, 1178]
Checking PIDs [1154, 1161, 1168, 1178]
Checking PIDs [1154, 1161, 1168, 1178]
Checking PIDs [1154, 1161, 1168, 1178]
Checking PIDs [1154, 1161, 1168, 1178]
Checking PIDs [1154, 1161, 1168, 1178]
Checking PIDs [1154, 1161, 1168, 1178]
Checking PIDs [1154, 1161, 1168, 1178]
Checking PIDs [1154, 1161, 1168, 1178]
Checking PIDs [1154, 1161, 1168, 1178]
Checking PIDs [1154, 1161, 1168, 1178]
Checking PIDs [1154, 1161, 1168, 1178]
Checking PIDs [1154, 1161, 1168, 1178]
Checking PIDs [1154, 1161, 1168, 1178]
Checking PIDs [1154, 1161, 1168, 1178]
Checking PIDs [1154, 1161, 1168, 1178]
Checking PIDs [1154, 1161, 1168, 1178]
Checking PIDs [1154, 1161, 1168, 1178]
Checking PIDs [1154, 1161, 1168, 1178]
Checking PIDs [1154, 1161, 1168, 1178]
Checking PIDs [1154, 1161, 1168, 1178]
Checking PIDs [1154, 1161, 1168, 1178]
Checking PIDs [1154, 1161, 1168, 1178]
Checking PIDs [1154, 1161, 1168, 1178]
Checking PIDs [1154, 1161, 1168, 1178]
Checking PIDs [1154, 1161, 1168, 1178]
Checking PIDs [1154, 1161, 1168, 1178]
Checking PIDs [1154, 1161, 1168, 1178]
Checking PIDs [1154, 1161, 1168, 1178]
Checking PIDs [1154, 1161, 1168, 1178]
Checking PIDs [1154, 1161, 1168, 1178]
Checking PIDs [1154, 1161, 1168, 1178]
Checking PIDs [1154, 1161, 1168, 1178]
Checking PIDs [1154, 1161, 1168, 1178]
Checking PIDs [1154, 1161, 1168, 1178]
Checking PIDs [1154, 1161, 1168, 1178]
Checking PIDs [1154, 1161, 1168, 1178]
Checking PIDs [1154, 1161, 1168, 1178]
Checking PIDs [1154, 1161, 1168, 1178]
Checking PIDs [1154, 1161, 1168, 1178]
Checking PIDs [1154, 1161, 1168, 1178]
Checking PIDs [1154, 1161, 1168, 1178]
Checking PIDs [1154, 1161, 1168, 1178]
Checking PIDs [1154, 1161, 1168, 1178]
Checking PIDs [1154, 1161, 1168, 1178]
Checking PIDs [1154, 1161, 1168, 1178]
Checking PIDs [1154, 1161, 1168, 1178]
Checking PIDs [1154, 1161, 1168, 1178]
Checking PIDs [1154, 1161, 1168, 1178]
Checking PIDs [1154, 1161, 1168, 1178]
Checking PIDs [1154, 1161, 1168, 1178]
Checking PIDs [1154, 1161, 1168, 1178]
Checking PIDs [1154, 1161, 1168, 1178]
Checking PIDs [1154, 1161, 1168, 1178]
Checking PIDs [1154, 1161, 1168, 1178]
Checking PIDs [1154, 1161, 1168, 1178]
Checking PIDs [1154, 1161, 1168, 1178]
Checking PIDs [1154, 1161, 1168, 1178]
Checking PIDs [1154, 1161, 1168, 1178]
Checking PIDs [1154, 1161, 1168, 1178]
Checking PIDs [1154, 1161, 1168, 1178]
Checking PIDs [1154, 1161, 1168, 1178]
Checking PIDs [1154, 1161, 1168, 1178]
Checking PIDs [1154, 1161, 1168, 1178]
Checking PIDs [1154, 1161, 1168, 1178]
Checking PIDs [1154, 1161, 1168, 1178]
Checking PIDs [1154, 1161, 1168, 1178]
Checking PIDs [1154, 1161, 1168, 1178]
Checking PIDs [1154, 1161, 1168, 1178]
Checking PIDs [1154, 1161, 1168, 1178]
Checking PIDs [1154, 1161, 1168, 1178]
Checking PIDs [1154, 1161, 1168, 1178]
Checking PIDs [1154, 1161, 1168, 1178]
Checking PIDs [1154, 1161, 1168, 1178]
Checking PIDs [1154, 1161, 1168, 1178]
Checking PIDs [1154, 1161, 1168, 1178]
Checking PIDs [1154, 1161, 1168, 1178]
Checking PIDs [1154, 1161, 1168, 1178]
Checking PIDs [1154, 1161, 1168, 1178]
Checking PIDs [1154, 1161, 1168, 1178]
Checking PIDs [1154, 1161, 1168, 1178]
Checking PIDs [1154, 1161, 1168, 1178]
Checking PIDs [1154, 1161, 1168, 1178]
Checking PIDs [1154, 1161, 1168, 1178]
Checking PIDs [1154, 1161, 1168, 1178]
Checking PIDs [1154, 1161, 1168, 1178]
Checking PIDs [1154, 1161, 1168, 1178]
Checking PIDs [1154, 1161, 1168, 1178]
Checking PIDs [1154, 1161, 1168, 1178]
Checking PIDs [1154, 1161, 1168, 1178]
Checking PIDs [1154, 1161, 1168, 1178]
Checking PIDs [1154, 1161, 1168, 1178]
Checking PIDs [1154, 1161, 1168, 1178]
Checking PIDs [1154, 1161, 1168, 1178]
Checking PIDs [1154, 1161, 1168, 1178]
Checking PIDs [1154, 1161, 1168, 1178]
Checking PIDs [1154, 1161, 1168, 1178]
Checking PIDs [1154, 1161, 1168, 1178]
Checking PIDs [1154, 1161, 1168, 1178]
Checking PIDs [1154, 1161, 1168, 1178]
Checking PIDs [1154, 1161, 1168, 1178]
Checking PIDs [1154, 1161, 1168, 1178]
SAGE_TMP_ROOT = /home/sage/.sage/temp/DESKTOP-VCR5GTN
Starting sage-cleaner with PID 1683
Checking PIDs [1154, 1161, 1168, 1178]
Process 1154 is no longer running, so we clean up
Deleting /home/sage/.sage/temp/DESKTOP-VCR5GTN/1154
Process 1161 is no longer running, so we clean up
Deleting /home/sage/.sage/temp/DESKTOP-VCR5GTN/1161
Process 1168 is no longer running, so we clean up
Deleting /home/sage/.sage/temp/DESKTOP-VCR5GTN/1168
Process 1178 is no longer running, so we clean up
Deleting /home/sage/.sage/temp/DESKTOP-VCR5GTN/1178
Checking PIDs []
Checking PIDs []
Checking PIDs []
Checking PIDs []
Checking PIDs [1693]
Checking PIDs [1693]
Checking PIDs [1693]
Checking PIDs [1693]
Checking PIDs [1693]
Checking PIDs [1693]
Checking PIDs [1693]
Checking PIDs [1693]
Checking PIDs [1693]
Checking PIDs [1693]
Checking PIDs [1693]
Checking PIDs [1693]
Checking PIDs [1693]
Checking PIDs [1693]
Checking PIDs [1693]
Checking PIDs [1693]
Checking PIDs [1693]
Checking PIDs [1693]
Checking PIDs [1693]
Checking PIDs [1693]
Checking PIDs [1693]
Checking PIDs [1693]
Checking PIDs [1693]
Checking PIDs [1693]
Checking PIDs [1693]
Checking PIDs [1693]
Checking PIDs [1693]
Checking PIDs [1693]
Checking PIDs [1693]
Checking PIDs [1693]
Checking PIDs [1693]
Checking PIDs [1693]
Checking PIDs [1693]
Checking PIDs [1693]
Checking PIDs [1693]
Checking PIDs [1693]
Checking PIDs [1693]
Checking PIDs [1693]
Checking PIDs [1693]
Checking PIDs [1693]
Checking PIDs [1693]
Checking PIDs [1693]
Checking PIDs [1693]
Checking PIDs [1693]
Checking PIDs [1693]
Checking PIDs [1693]
Checking PIDs [1693]
Checking PIDs [1693]
Checking PIDs [1693]
Checking PIDs [1693]
Checking PIDs [1693]
Checking PIDs [1693]
Checking PIDs [1693]
Checking PIDs [1693]
Checking PIDs [1693]
Checking PIDs [1693]
Checking PIDs [1693]
Checking PIDs [1693]
Checking PIDs [1693]
Checking PIDs [1693]
Checking PIDs [1693]
Checking PIDs [1693]
Checking PIDs [1693]
Checking PIDs [1693]
Checking PIDs [1693]
Checking PIDs [1693]
Checking PIDs [1693]
Checking PIDs [1693]
Checking PIDs [1693]
Checking PIDs [1693]
Checking PIDs [1693]
Checking PIDs [1693]
Checking PIDs [1693]
Checking PIDs [1693]
Checking PIDs [1693]
Checking PIDs [1693]
Checking PIDs [1693]
Checking PIDs [1693]
Checking PIDs [1693]
Checking PIDs [1693]
Checking PIDs [1693]
Checking PIDs [1693]
Checking PIDs [1693]
Checking PIDs [1693]
Checking PIDs [1693]
Checking PIDs [1693]
Checking PIDs [1693]
Checking PIDs [1693]
Checking PIDs [1693]
Checking PIDs [1693]
Checking PIDs [1693]
Checking PIDs [1693]
Checking PIDs [1693]
Checking PIDs [1693]
Checking PIDs [1693]
Checking PIDs [1693]
Checking PIDs [1693]
Checking PIDs [1693]
Checking PIDs [1693]
Checking PIDs [1693]
Checking PIDs [1693]
Checking PIDs [1693]
Checking PIDs [1693]
Checking PIDs [1693]
Checking PIDs [1693]
Checking PIDs [1693]
Checking PIDs [1693]
Checking PIDs [1693]
Checking PIDs [1693]
Checking PIDs [1693]
Checking PIDs [1693]
Checking PIDs [1693]
Checking PIDs [1693]
Checking PIDs [1693]
Checking PIDs [1693]
Checking PIDs [1693]
Checking PIDs [1693]
Checking PIDs [1693]
Checking PIDs [1693]
Checking PIDs [1693]
Checking PIDs [1693]
Checking PIDs [1693]
Checking PIDs [1693]
Checking PIDs [1693]
Checking PIDs [1693]
Checking PIDs [1693]
Checking PIDs [1693]
Checking PIDs [1693]
Checking PIDs [1693]
Checking PIDs [1693]
Checking PIDs [1693]
Checking PIDs [1693]
Checking PIDs [1693]
Checking PIDs [1693]
Checking PIDs [1693]
Checking PIDs [1693]
Checking PIDs [1693]
Checking PIDs [1693]
Checking PIDs [1693]
Checking PIDs [1693]
Checking PIDs [1693]
Checking PIDs [1693]
Checking PIDs [1693]
Checking PIDs [1693]
Checking PIDs [1693]
Checking PIDs [1693]
Checking PIDs [1693]
Checking PIDs [1693]
Checking PIDs [1693]
Checking PIDs [1693]
Checking PIDs [1693]
Checking PIDs [1693]
Checking PIDs [1693]
Checking PIDs [1693]
Checking PIDs [1693]
Checking PIDs [1693]
Checking PIDs [1693]
Checking PIDs [1693]
Checking PIDs [1693]
Checking PIDs [1693]
Checking PIDs [1693]
Checking PIDs [1693]
Checking PIDs [1693]
Checking PIDs [1693]
Checking PIDs [1693]
Checking PIDs [1693]
Checking PIDs [1693]
Checking PIDs [1693]
Checking PIDs [1693]
Checking PIDs [1693]
Checking PIDs [1693]
Checking PIDs [1693]
Checking PIDs [1693]
Checking PIDs [1693]
Checking PIDs [1693]
Checking PIDs [1693]
Checking PIDs [1693]
Checking PIDs [1693]
Checking PIDs [1693]
Checking PIDs [1693]
Checking PIDs [1693]
Checking PIDs [1693]
Checking PIDs [1693]
SAGE_TMP_ROOT = /home/sage/.sage/temp/DESKTOP-VCR5GTN
Starting sage-cleaner with PID 352
Checking PIDs [1693]
Process 1693 is no longer running, so we clean up
Deleting /home/sage/.sage/temp/DESKTOP-VCR5GTN/1693
Checking PIDs []
Checking PIDs []
Checking PIDs []
Checking PIDs []
Checking PIDs []
Checking PIDs [362]
Checking PIDs [362]
Checking PIDs [362]
Checking PIDs [362]
Checking PIDs [362]
Checking PIDs [362]
Checking PIDs [362]
Checking PIDs [362]
Checking PIDs [362]
Checking PIDs [362]
Checking PIDs [362]
Checking PIDs [362]
Checking PIDs [362]
Checking PIDs [362]
Checking PIDs [362]
Checking PIDs [362]
Checking PIDs [362]
Checking PIDs [362]
Checking PIDs [362]
Checking PIDs [362]
Checking PIDs [362]
Checking PIDs [362]
Checking PIDs [362]
Checking PIDs [362]
Checking PIDs [362]
Checking PIDs [362]
Checking PIDs [362]
Checking PIDs [362]
Checking PIDs [362]
Checking PIDs [362]
Checking PIDs [362]
Checking PIDs [362]
Checking PIDs [362]
Checking PIDs [362]
Checking PIDs [362]
Checking PIDs [362]
Checking PIDs [362]
Checking PIDs [362]
Checking PIDs [362]
Checking PIDs [362]
Checking PIDs [362]
Checking PIDs [362]
Checking PIDs [362]
Checking PIDs [362]
Checking PIDs [362]
Checking PIDs [362]
Checking PIDs [362]
Checking PIDs [362]
Checking PIDs [362]
Checking PIDs [362]
Checking PIDs [362]
Checking PIDs [362]
Checking PIDs [362]
Checking PIDs [362]
Checking PIDs [362]
Checking PIDs [362]
Checking PIDs [362]
Checking PIDs [362]
Checking PIDs [362]
Checking PIDs [362]
Checking PIDs [362]
Checking PIDs [362]
Checking PIDs [362]
Checking PIDs [362]
Checking PIDs [362]
Checking PIDs [362]
Checking PIDs [362]
Checking PIDs [362]
Checking PIDs [362]
Checking PIDs [362]
Checking PIDs [362]
Checking PIDs [362]
Checking PIDs [362]
Checking PIDs [362]
Checking PIDs [362]
Checking PIDs [362]
Checking PIDs [362]
Checking PIDs [362]
Checking PIDs [362]
Checking PIDs [362]
Checking PIDs [362]
Checking PIDs [362]
Checking PIDs [362]
Checking PIDs [362]
Checking PIDs [362]
Checking PIDs [362]
Checking PIDs [362]
Checking PIDs [362]
Checking PIDs [362]
Checking PIDs [362]
Checking PIDs [362]
Checking PIDs [362]
Checking PIDs [362]
Checking PIDs [362]
Checking PIDs [362]
Checking PIDs [362]
Checking PIDs [362]
Checking PIDs [362]
Checking PIDs [362]
Checking PIDs [362]
Checking PIDs [362]
Checking PIDs [362]
Checking PIDs [362]
Checking PIDs [362]
Checking PIDs [362]
Checking PIDs [362]
Checking PIDs [362]
Checking PIDs [362]
Checking PIDs [362]
Checking PIDs [362]
Checking PIDs [362]
Checking PIDs [362]
Checking PIDs [362]
Checking PIDs [362]
Checking PIDs [362]
Checking PIDs [362]
Checking PIDs [362]
Checking PIDs [362]
Checking PIDs [362]
Checking PIDs [362]
Checking PIDs [362]
Checking PIDs [362]
Checking PIDs [362]
Checking PIDs [362]
Checking PIDs [362]
Checking PIDs [362]
Checking PIDs [362]
Checking PIDs [362]
Checking PIDs [362]
Checking PIDs [362]
Checking PIDs [362]
Checking PIDs [362]
Checking PIDs [362]
Checking PIDs [362]
Checking PIDs [362]
Checking PIDs [362]
Checking PIDs [362]
Checking PIDs [362]
Checking PIDs [362]
Checking PIDs [362]
Checking PIDs [362]
Checking PIDs [362]
Checking PIDs [362]
Checking PIDs [362]
Checking PIDs [362]
Checking PIDs [362]
Checking PIDs [362]
Checking PIDs [362]
Checking PIDs [362]
Checking PIDs [362]
Checking PIDs [362]
Checking PIDs [362]
Checking PIDs [362]
Checking PIDs [362]
Checking PIDs [362]
Checking PIDs [362]
Checking PIDs [362]
Checking PIDs [362]
Checking PIDs [362]
Checking PIDs [362]
Checking PIDs [362]
Checking PIDs [362]
Checking PIDs [362]
Checking PIDs [362]
Checking PIDs [362]
Checking PIDs [362]
Checking PIDs [362]
Checking PIDs [362]
Checking PIDs [362]
Checking PIDs [362]
Checking PIDs [362]
Checking PIDs [362]
Checking PIDs [362]
Checking PIDs [362]
Checking PIDs [362]
Checking PIDs [362]
Checking PIDs [362]
Checking PIDs [362]
Checking PIDs [362]
Checking PIDs [362]
Checking PIDs [362]
Checking PIDs [362]
Checking PIDs [362]
Checking PIDs [362]
Checking PIDs [362]
Checking PIDs [362]
Checking PIDs [362]
Checking PIDs [362]
Checking PIDs [362]
Checking PIDs [362]
Checking PIDs [362]
Checking PIDs [362]
Checking PIDs [362]
Checking PIDs [362]
Checking PIDs [362]
Checking PIDs [362]
Checking PIDs [362]
Checking PIDs [362]
Checking PIDs [362]
Checking PIDs [362]
Checking PIDs [362]
Checking PIDs [362]
Checking PIDs [362]
Checking PIDs [362]
Checking PIDs [362]
Checking PIDs [362]
Checking PIDs [362]
Checking PIDs [362]
Checking PIDs [362]
Checking PIDs [362, 369]
Checking PIDs [362, 369]
Checking PIDs [362, 369]
Checking PIDs [362, 369]
Checking PIDs [362, 369]
Checking PIDs [362, 369]
Checking PIDs [362, 369]
Checking PIDs [362, 369]
Checking PIDs [362, 369]
Checking PIDs [362, 369]
Checking PIDs [362, 369]
Checking PIDs [362, 369]
Checking PIDs [362, 369]
Checking PIDs [362, 369]
Checking PIDs [362, 369]
Checking PIDs [362, 369]
Checking PIDs [362, 369]
Checking PIDs [362, 369]
Checking PIDs [362, 369]
Checking PIDs [362, 369]
Checking PIDs [362, 369]
Checking PIDs [362, 369]
Checking PIDs [362, 369]
Checking PIDs [362, 369]
Checking PIDs [362, 369]
Checking PIDs [362, 369]
Checking PIDs [362, 369]
Checking PIDs [362, 369]
Checking PIDs [362, 369, 376]
Checking PIDs [362, 369, 376]
Checking PIDs [362, 369, 376]
Checking PIDs [362, 369, 376]
Checking PIDs [362, 369, 376]
Checking PIDs [362, 369, 376]
Checking PIDs [362, 369, 376]
Checking PIDs [362, 369, 376]
Checking PIDs [362, 369, 376]
Checking PIDs [362, 369, 376]
Checking PIDs [362, 369, 376]
Checking PIDs [362, 369, 376]
Checking PIDs [362, 369, 376]
Checking PIDs [362, 369, 376]
Checking PIDs [362, 369, 376]
Checking PIDs [362, 369, 376]
Checking PIDs [362, 369, 376]
Checking PIDs [362, 369, 376]
Checking PIDs [362, 369, 376]
Checking PIDs [362, 369, 376]
Checking PIDs [362, 369, 376]
Checking PIDs [362, 369, 376]
Checking PIDs [362, 369, 376]
Checking PIDs [362, 369, 376]
Checking PIDs [362, 369, 376]
Checking PIDs [362, 369, 376]
Checking PIDs [362, 369, 376]
Checking PIDs [362, 369, 376]
Checking PIDs [362, 369, 376]
Checking PIDs [362, 369, 376]
Checking PIDs [362, 369, 376]
Checking PIDs [362, 369, 376]
Checking PIDs [362, 369, 376]
Checking PIDs [362, 369, 376]
Checking PIDs [362, 369, 376]
Checking PIDs [362, 369, 376]
Checking PIDs [362, 369, 376]
Checking PIDs [362, 369, 376]
Checking PIDs [362, 369, 376]
Checking PIDs [362, 369, 376]
Checking PIDs [362, 369, 376]
Checking PIDs [362, 369, 376]
Checking PIDs [362, 369, 376]
Checking PIDs [362, 369, 376]
Checking PIDs [362, 369, 376]
Checking PIDs [362, 369, 376]
Checking PIDs [362, 369, 376]
Checking PIDs [362, 369, 376]
Checking PIDs [362, 369, 376]
Checking PIDs [362, 369, 376]
Checking PIDs [362, 369, 376]
Checking PIDs [362, 369, 376]
Checking PIDs [362, 369, 376]
Checking PIDs [362, 369, 376]
Checking PIDs [362, 369, 376]
Checking PIDs [362, 369, 376]
Checking PIDs [362, 369, 376]
Checking PIDs [362, 369, 376]
Checking PIDs [362, 369, 376]
Checking PIDs [362, 369, 376]
Checking PIDs [362, 369, 376]
Checking PIDs [362, 369, 376]
Checking PIDs [362, 369, 376]
Checking PIDs [362, 369, 376]
Checking PIDs [362, 369, 376]
Checking PIDs [362, 369, 376]
Checking PIDs [362, 369, 376]
Checking PIDs [362, 369, 376]
Checking PIDs [362, 369, 376]
Checking PIDs [362, 369, 376]
Checking PIDs [362, 369, 376]
Checking PIDs [362, 369, 376]
Checking PIDs [362, 369, 376]
Checking PIDs [362, 369, 376]
Checking PIDs [362, 369, 376]
Checking PIDs [362, 369, 376]
Checking PIDs [362, 369, 376]
Checking PIDs [362, 369, 376]
Checking PIDs [362, 369, 376]
SAGE_TMP_ROOT = /home/sage/.sage/temp/DESKTOP-VCR5GTN
Starting sage-cleaner with PID 758
Checking PIDs [362, 369, 376]
Process 362 is no longer running, so we clean up
Deleting /home/sage/.sage/temp/DESKTOP-VCR5GTN/362
Process 369 is no longer running, so we clean up
Deleting /home/sage/.sage/temp/DESKTOP-VCR5GTN/369
Process 376 is no longer running, so we clean up
Deleting /home/sage/.sage/temp/DESKTOP-VCR5GTN/376
Checking PIDs []
Checking PIDs []
Checking PIDs []
Checking PIDs []
Checking PIDs []
Checking PIDs []
Checking PIDs []
Checking PIDs [768]
Checking PIDs [768, 775]
Checking PIDs [768, 775]
Checking PIDs [768, 775]
Checking PIDs [768, 775]
Checking PIDs [768, 775]
Checking PIDs [768, 775]
Checking PIDs [768, 775]
Checking PIDs [768, 775]
Checking PIDs [768, 775]
Checking PIDs [768, 775]
Checking PIDs [768, 775]
Checking PIDs [768, 775]
Checking PIDs [768, 775]
Checking PIDs [768, 775]
Checking PIDs [768, 775]
Checking PIDs [768, 775]
Checking PIDs [768, 775]
Checking PIDs [768, 775]
Checking PIDs [768, 775]
Checking PIDs [768, 775]
Checking PIDs [768, 775]
Checking PIDs [768, 775]
Checking PIDs [768, 775]
Checking PIDs [768, 775]
Checking PIDs [768, 775]
Checking PIDs [768, 775]
Checking PIDs [768, 775]
Checking PIDs [768, 775]
Checking PIDs [768, 775]
Checking PIDs [768, 775]
Checking PIDs [768, 775]
Checking PIDs [768, 775]
Checking PIDs [768, 775]
Checking PIDs [768, 775]
Checking PIDs [768, 775]
Checking PIDs [768, 775]
Checking PIDs [768, 775]
Checking PIDs [768, 775]
Checking PIDs [768, 775]
Checking PIDs [768, 775]
Checking PIDs [768, 775]
Checking PIDs [768, 775]
Checking PIDs [768, 775]
Checking PIDs [768, 775]
Checking PIDs [768, 775]
Checking PIDs [768, 775]
Checking PIDs [768, 775]
Checking PIDs [768, 775]
Checking PIDs [768, 775]
Checking PIDs [768, 775]
Checking PIDs [768, 775]
Checking PIDs [768, 775]
Checking PIDs [768, 775]
Checking PIDs [768, 775]
Checking PIDs [768, 775]
Checking PIDs [768, 775]
Checking PIDs [768, 775]
Checking PIDs [768, 775]
Checking PIDs [768, 775]
Checking PIDs [768, 775]
Checking PIDs [768, 775]
Checking PIDs [768, 775]
Checking PIDs [768, 775]
Checking PIDs [768, 775]
Checking PIDs [768, 775]
Checking PIDs [768, 775]
Checking PIDs [768, 775]
Checking PIDs [768, 775]
Checking PIDs [768, 775]
Checking PIDs [768, 775]
Checking PIDs [768, 775]
Checking PIDs [768, 775]
Checking PIDs [768, 775]
Checking PIDs [768, 775]
Checking PIDs [768, 775]
Checking PIDs [768, 775]
Checking PIDs [768, 775]
Checking PIDs [768, 775]
Checking PIDs [768, 775]
Checking PIDs [768, 775]
Checking PIDs [768, 775]
Checking PIDs [768, 775]
Checking PIDs [768, 775]
Checking PIDs [768, 775]
Checking PIDs [768, 775]
Checking PIDs [768, 775]
Checking PIDs [768, 775]
Checking PIDs [768, 775]
Checking PIDs [768, 775]
Checking PIDs [768, 775]
Checking PIDs [768, 775]
Checking PIDs [768, 775]
Checking PIDs [768, 775]
Checking PIDs [768, 775]
Checking PIDs [768, 775]
Checking PIDs [768, 775]
Checking PIDs [768, 775]
Checking PIDs [768, 775]
Checking PIDs [768, 775]
Checking PIDs [768, 775]
Checking PIDs [768, 775]
Checking PIDs [768, 775]
Checking PIDs [768, 775]
Checking PIDs [768, 775]
Checking PIDs [768, 775]
Checking PIDs [768, 775]
Checking PIDs [768, 775]
Checking PIDs [768, 775]
Checking PIDs [768, 775]
Checking PIDs [768, 775]
Checking PIDs [768, 775]
Checking PIDs [768, 775]
Checking PIDs [768, 775]
Checking PIDs [768, 775]
Checking PIDs [768, 775]
Checking PIDs [768, 775]
Checking PIDs [768, 775]
Checking PIDs [768, 775]
Checking PIDs [768, 775]
Checking PIDs [768, 775]
Checking PIDs [768, 775]
Checking PIDs [768, 775]
Checking PIDs [768, 775]
Checking PIDs [768, 775]
Checking PIDs [768, 775]
Checking PIDs [768, 775]
Checking PIDs [768, 775]
Checking PIDs [768, 775]
Checking PIDs [768, 775]
Checking PIDs [768, 775]
Checking PIDs [768, 775]
Checking PIDs [768, 775]
Checking PIDs [768, 775]
Checking PIDs [768, 775]
Checking PIDs [768, 775]
Checking PIDs [768, 775]
Checking PIDs [768, 775]
Checking PIDs [768, 775]
Checking PIDs [768, 775]
Checking PIDs [768, 775]
Checking PIDs [768, 775]
Checking PIDs [768, 775]
Checking PIDs [768, 775]
Checking PIDs [768, 775]
Checking PIDs [768, 775]
Checking PIDs [768, 775]
Checking PIDs [768, 775]
Checking PIDs [768, 775]
Checking PIDs [768, 775]
Checking PIDs [768, 775]
Checking PIDs [768, 775]
Checking PIDs [768, 775]
Checking PIDs [768, 775]
Checking PIDs [768, 775]
Checking PIDs [768, 775]
Checking PIDs [768, 775]
Checking PIDs [768, 775]
Checking PIDs [768, 775]
Checking PIDs [768, 775]
Checking PIDs [768, 775]
Checking PIDs [768, 775]
Checking PIDs [768, 775]
Checking PIDs [768, 775]
Checking PIDs [768, 775]
Checking PIDs [768, 775]
Checking PIDs [768, 775]
Checking PIDs [768, 775]
Checking PIDs [768, 775]
Checking PIDs [768, 775]
Checking PIDs [768, 775]
Checking PIDs [768, 775]
Checking PIDs [768, 775]
Checking PIDs [768, 775]
Checking PIDs [768, 775]
Checking PIDs [768, 775]
Checking PIDs [768, 775]
Checking PIDs [768, 775]
Checking PIDs [768, 775]
Checking PIDs [768, 775]
Checking PIDs [768, 775]
Checking PIDs [768, 775]
Checking PIDs [768, 775]
Checking PIDs [768, 775]
Checking PIDs [768, 775]
Checking PIDs [768, 775]
Checking PIDs [768, 775]
Checking PIDs [768, 775]
Checking PIDs [768, 775]
Checking PIDs [768, 775]
Checking PIDs [768, 775]
Checking PIDs [768, 775]
Checking PIDs [768, 775]
Checking PIDs [768, 775]
Checking PIDs [768, 775]
Checking PIDs [768, 775]
Checking PIDs [768, 775]
Checking PIDs [768, 775]
Checking PIDs [768, 775]
Checking PIDs [768, 775]
Checking PIDs [768, 775]
Checking PIDs [768, 775]
Checking PIDs [768, 775]
Checking PIDs [768, 775]
Checking PIDs [768, 775]
Checking PIDs [768, 775]
Checking PIDs [768, 775]
Checking PIDs [768, 775]
Checking PIDs [768, 775]
Checking PIDs [768, 775]
Checking PIDs [768, 775]
Checking PIDs [768, 775]
Checking PIDs [768, 775]
Checking PIDs [768, 775]
Checking PIDs [768, 775]
Checking PIDs [768, 775]
Checking PIDs [768, 775]
Checking PIDs [768, 775]
Checking PIDs [768, 775]
Checking PIDs [768, 775]
Checking PIDs [768, 775]
Checking PIDs [768, 775]
Checking PIDs [768, 775]
Checking PIDs [768, 775]
Checking PIDs [768, 775]
Checking PIDs [768, 775]
Checking PIDs [768, 775]
Checking PIDs [768, 775]
Checking PIDs [768, 775]
Checking PIDs [768, 775]
Checking PIDs [768, 775]
Checking PIDs [768, 775]
Checking PIDs [768, 775]
Checking PIDs [768, 775]
Checking PIDs [768, 775]
Checking PIDs [768, 775]
Checking PIDs [768, 775]
Checking PIDs [768, 775]
Checking PIDs [768, 775]
Checking PIDs [768, 775]
Checking PIDs [768, 775]
Checking PIDs [768, 775]
Checking PIDs [768, 775]
Checking PIDs [768, 775]
Checking PIDs [768, 775]
Checking PIDs [768, 775]
Checking PIDs [768, 775]
Checking PIDs [768, 775]
Checking PIDs [768, 775]
Checking PIDs [768, 775]
Checking PIDs [768, 775]
Checking PIDs [768, 775]
Checking PIDs [768, 775]
Checking PIDs [768, 775]
Checking PIDs [768, 775]
Checking PIDs [768, 775]
Checking PIDs [768, 775]
Checking PIDs [768, 775]
Checking PIDs [768, 775]
Checking PIDs [768, 775]
Checking PIDs [768, 775]
Checking PIDs [768, 775]
Checking PIDs [768, 775]
Checking PIDs [768, 775]
Checking PIDs [768, 775]
Checking PIDs [768, 775]
Checking PIDs [768, 775]
Checking PIDs [768, 775]
Checking PIDs [768, 775]
Checking PIDs [768, 775]
Checking PIDs [768, 775]
Checking PIDs [768, 775]
Checking PIDs [768, 775]
Checking PIDs [768, 775]
Checking PIDs [768, 775]
Checking PIDs [768, 775]
Checking PIDs [768, 775]
Checking PIDs [768, 775]
Checking PIDs [768, 775]
Checking PIDs [768, 775]
Checking PIDs [768, 775]
Checking PIDs [768, 775]
Checking PIDs [768, 775]
Checking PIDs [768, 775]
Checking PIDs [768, 775]
Checking PIDs [768, 775]
Checking PIDs [768, 775]
Checking PIDs [768, 775]
Checking PIDs [768, 775]
Checking PIDs [768, 775]
Checking PIDs [768, 775]
Checking PIDs [768, 775]
Checking PIDs [768, 775]
Checking PIDs [768, 775]
Checking PIDs [768, 775]
Checking PIDs [768, 775]
Checking PIDs [768, 775]
Checking PIDs [768, 775]
Checking PIDs [768, 775]
Checking PIDs [768, 775]
Checking PIDs [768, 775]
Checking PIDs [768, 775]
Checking PIDs [768, 775]
Checking PIDs [768, 775]
Checking PIDs [768, 775]
Checking PIDs [768, 775]
Checking PIDs [768, 775]
Checking PIDs [768, 775]
Checking PIDs [768, 775]
Checking PIDs [768, 775]
Checking PIDs [768, 775]
Checking PIDs [768, 775]
Checking PIDs [768, 775]
Checking PIDs [768, 775]
Checking PIDs [768, 775]
Checking PIDs [768, 775]
Checking PIDs [768, 775]
Checking PIDs [768, 775]
Checking PIDs [768, 775]
Checking PIDs [768, 775]
Checking PIDs [768, 775]
Checking PIDs [768, 775]
Checking PIDs [768, 775]
Checking PIDs [768, 775]
Checking PIDs [768, 775]
Checking PIDs [768, 775]
Checking PIDs [768, 775]
Checking PIDs [768, 775]
Checking PIDs [768, 775]
Checking PIDs [768, 775]
Checking PIDs [768, 775]
Checking PIDs [768, 775]
Checking PIDs [768, 775]
Checking PIDs [768, 775]
Checking PIDs [768, 775]
Checking PIDs [768, 775]
Checking PIDs [768, 775]
Checking PIDs [768, 775]
Checking PIDs [768, 775]
Checking PIDs [768, 775]
Checking PIDs [768, 775]
Checking PIDs [768, 775]
Checking PIDs [768, 775]
Checking PIDs [768, 775]
Checking PIDs [768, 775]
Checking PIDs [768, 775]
Checking PIDs [768, 775]
Checking PIDs [768, 775]
Checking PIDs [768, 775, 782]
Checking PIDs [768, 775, 782]
Checking PIDs [768, 775, 782]
Checking PIDs [768, 775, 782]
Checking PIDs [768, 775, 782]
Checking PIDs [768, 775, 782]
Checking PIDs [768, 775, 782]
Checking PIDs [768, 775, 782]
Checking PIDs [768, 775, 782]
Checking PIDs [768, 775, 782]
Checking PIDs [768, 775, 782]
Checking PIDs [768, 775, 782]
SAGE_TMP_ROOT = /home/sage/.sage/temp/DESKTOP-VCR5GTN
Starting sage-cleaner with PID 270
Checking PIDs [768, 775, 782]
Process 768 is no longer running, so we clean up
Deleting /home/sage/.sage/temp/DESKTOP-VCR5GTN/768
Process 775 is no longer running, so we clean up
Deleting /home/sage/.sage/temp/DESKTOP-VCR5GTN/775
Process 782 is no longer running, so we clean up
Deleting /home/sage/.sage/temp/DESKTOP-VCR5GTN/782
Checking PIDs []
Checking PIDs []
Checking PIDs [280]
Checking PIDs [280]
Checking PIDs [280]
Checking PIDs [280]
Checking PIDs [280]
Checking PIDs [280]
Checking PIDs [280]
Checking PIDs [280]
Checking PIDs [280]
Checking PIDs [280]
Checking PIDs [280]
Checking PIDs [280]
Checking PIDs [280]
Checking PIDs [280]
Checking PIDs [280]
Checking PIDs [280]
Checking PIDs [280]
Checking PIDs [280]
Checking PIDs [280]
Checking PIDs [280]
Checking PIDs [280, 287]
Checking PIDs [280, 287]
Checking PIDs [280, 287]
Checking PIDs [280, 287]
Checking PIDs [280, 287]
Checking PIDs [280, 287]
Checking PIDs [280, 287]
Checking PIDs [280, 287]
Checking PIDs [280, 287]
Checking PIDs [280, 287]
Checking PIDs [280, 287]
Checking PIDs [280, 287]
Checking PIDs [280, 287]
Checking PIDs [280, 287]
Checking PIDs [280, 287]
Checking PIDs [280, 287]
Checking PIDs [280, 287]
Checking PIDs [280, 287]
Checking PIDs [280, 287]
Checking PIDs [280, 287]
Checking PIDs [280, 287]
Checking PIDs [280, 287]
Checking PIDs [280, 287]
Checking PIDs [280, 287]
Checking PIDs [280, 287]
Checking PIDs [280, 287, 294]
Checking PIDs [280, 287, 294]
Checking PIDs [280, 287, 294, 301]
Checking PIDs [280, 287, 294, 301]
Checking PIDs [280, 287, 294, 301]
Checking PIDs [280, 287, 294, 301]
Checking PIDs [280, 287, 294, 301]
Checking PIDs [280, 287, 294, 301]
Checking PIDs [280, 287, 294, 301]
Checking PIDs [280, 287, 294, 301]
Checking PIDs [280, 287, 294, 301]
Checking PIDs [280, 287, 294, 301]
Checking PIDs [280, 287, 294, 301]
Checking PIDs [280, 287, 294, 301]
Checking PIDs [280, 287, 294, 301]
Checking PIDs [280, 287, 294, 301]
Checking PIDs [280, 287, 294, 301]
Checking PIDs [280, 287, 294, 301]
Checking PIDs [280, 287, 294, 301]
Checking PIDs [280, 287, 294, 301]
Checking PIDs [280, 287, 294, 301]
Checking PIDs [280, 287, 294, 301]
Checking PIDs [280, 287, 294, 301]
Checking PIDs [280, 287, 294, 301]
Checking PIDs [280, 287, 294, 301]
Checking PIDs [280, 287, 294, 301]
Checking PIDs [280, 287, 294, 301]
Checking PIDs [280, 287, 294, 301]
Checking PIDs [280, 287, 294, 301]
Checking PIDs [280, 287, 294, 301]
Checking PIDs [280, 287, 294, 301]
Checking PIDs [280, 287, 294, 301]
Checking PIDs [280, 287, 294, 301]
Checking PIDs [280, 287, 294, 301]
Checking PIDs [280, 287, 294, 301]
Checking PIDs [280, 287, 294, 301]
Checking PIDs [280, 287, 294, 301]
Checking PIDs [280, 287, 294, 301]
Checking PIDs [280, 287, 294, 301]
Checking PIDs [280, 287, 294, 301]
Checking PIDs [280, 287, 294, 301]
Checking PIDs [280, 287, 294, 301]
Checking PIDs [280, 287, 294, 301]
Checking PIDs [280, 287, 294, 301]
Checking PIDs [280, 287, 294, 301]
Checking PIDs [280, 287, 294, 301]
Checking PIDs [280, 287, 294, 301]
Checking PIDs [280, 287, 294, 301]
Checking PIDs [280, 287, 294, 301]
Checking PIDs [280, 287, 294, 301]
Checking PIDs [280, 287, 294, 301]
Checking PIDs [280, 287, 294, 301]
Checking PIDs [280, 287, 294, 301]
Checking PIDs [280, 287, 294, 301]
Checking PIDs [280, 287, 294, 301]
Checking PIDs [280, 287, 294, 301]
Checking PIDs [280, 287, 294, 301]
Checking PIDs [280, 287, 294, 301]
Checking PIDs [280, 287, 294, 301]
Checking PIDs [280, 287, 294, 301]
Checking PIDs [280, 287, 294, 301]
Checking PIDs [280, 287, 294, 301]
Checking PIDs [280, 287, 294, 301]
Checking PIDs [280, 287, 294, 301]
Checking PIDs [280, 287, 294, 301]
Checking PIDs [280, 287, 294, 301]
Checking PIDs [280, 287, 294, 301]
Checking PIDs [280, 287, 294, 301]
Checking PIDs [280, 287, 294, 301]
Checking PIDs [280, 287, 294, 301]
Checking PIDs [280, 287, 294, 301]
Checking PIDs [280, 287, 294, 301]
Checking PIDs [280, 287, 294, 301]
Checking PIDs [280, 287, 294, 301]
Checking PIDs [280, 287, 294, 301]
Checking PIDs [280, 287, 294, 301]
Checking PIDs [280, 287, 294, 301]
Checking PIDs [280, 287, 294, 301]
Checking PIDs [280, 287, 294, 301]
Checking PIDs [280, 287, 294, 301]
Checking PIDs [280, 287, 294, 301]
Checking PIDs [280, 287, 294, 301]
Checking PIDs [280, 287, 294, 301]
Checking PIDs [280, 287, 294, 301]
Checking PIDs [280, 287, 294, 301]
Checking PIDs [280, 287, 294, 301]
Checking PIDs [280, 287, 294, 301]
Checking PIDs [280, 287, 294, 301]
Checking PIDs [280, 287, 294, 301]
Checking PIDs [280, 287, 294, 301]
Checking PIDs [280, 287, 294, 301]
Checking PIDs [280, 287, 294, 301]
Checking PIDs [280, 287, 294, 301]
Checking PIDs [280, 287, 294, 301]
Checking PIDs [280, 287, 294, 301]
Checking PIDs [280, 287, 294, 301]
Checking PIDs [280, 287, 294, 301]
Checking PIDs [280, 287, 294, 301]
Checking PIDs [280, 287, 294, 301]
Checking PIDs [280, 287, 294, 301]
Checking PIDs [280, 287, 294, 301]
Checking PIDs [280, 287, 294, 301]
Checking PIDs [280, 287, 294, 301]
Checking PIDs [280, 287, 294, 301]
Checking PIDs [280, 287, 294, 301]
Checking PIDs [280, 287, 294, 301]
Checking PIDs [280, 287, 294, 301]
Checking PIDs [280, 287, 294, 301]
Checking PIDs [280, 287, 294, 301]
Checking PIDs [280, 287, 294, 301]
Checking PIDs [280, 287, 294, 301]
Checking PIDs [280, 287, 294, 301]
Checking PIDs [280, 287, 294, 301]
Checking PIDs [280, 287, 294, 301]
Checking PIDs [280, 287, 294, 301]
Checking PIDs [280, 287, 294, 301]
Checking PIDs [280, 287, 294, 301]
Checking PIDs [280, 287, 294, 301]
Checking PIDs [280, 287, 294, 301]
Checking PIDs [280, 287, 294, 301]
Checking PIDs [280, 287, 294, 301]
Checking PIDs [280, 287, 294, 301]
Checking PIDs [280, 287, 294, 301]
Checking PIDs [280, 287, 294, 301]
Checking PIDs [280, 287, 294, 301]
Checking PIDs [280, 287, 294, 301]
Checking PIDs [280, 287, 294, 301]
Checking PIDs [280, 287, 294, 301]
Checking PIDs [280, 287, 294, 301]
Checking PIDs [280, 287, 294, 301]
Checking PIDs [280, 287, 294, 301]
Checking PIDs [280, 287, 294, 301]
Checking PIDs [280, 287, 294, 301]
Checking PIDs [280, 287, 294, 301]
Checking PIDs [280, 287, 294, 301]
Checking PIDs [280, 287, 294, 301]
Checking PIDs [280, 287, 294, 301]
Checking PIDs [280, 287, 294, 301]
Checking PIDs [280, 287, 294, 301]
Checking PIDs [280, 287, 294, 301]
Checking PIDs [280, 287, 294, 301]
Checking PIDs [280, 287, 294, 301]
Checking PIDs [280, 287, 294, 301]
Checking PIDs [280, 287, 294, 301]
Checking PIDs [280, 287, 294, 301]
Checking PIDs [280, 287, 294, 301]
Checking PIDs [280, 287, 294, 301]
Checking PIDs [280, 287, 294, 301]
Checking PIDs [280, 287, 294, 301]
Checking PIDs [280, 287, 294, 301]
Checking PIDs [280, 287, 294, 301]
Checking PIDs [280, 287, 294, 301]
Checking PIDs [280, 287, 294, 301]
Checking PIDs [280, 287, 294, 301]
Checking PIDs [280, 287, 294, 301]
Checking PIDs [280, 287, 294, 301]
Checking PIDs [280, 287, 294, 301]
Checking PIDs [280, 287, 294, 301]
Checking PIDs [280, 287, 294, 301]
Checking PIDs [280, 287, 294, 301]
Checking PIDs [280, 287, 294, 301]
Checking PIDs [280, 287, 294, 301]
Checking PIDs [280, 287, 294, 301]
Checking PIDs [280, 287, 294, 301]
Checking PIDs [280, 287, 294, 301]
Checking PIDs [280, 287, 294, 301]
Checking PIDs [280, 287, 294, 301]
Checking PIDs [280, 287, 294, 301]
Checking PIDs [280, 287, 294, 301]
Checking PIDs [280, 287, 294, 301]
Checking PIDs [280, 287, 294, 301]
Checking PIDs [280, 287, 294, 301]
Checking PIDs [280, 287, 294, 301]
Checking PIDs [280, 287, 294, 301]
Checking PIDs [280, 287, 294, 301]
Checking PIDs [280, 287, 294, 301]
Checking PIDs [280, 287, 294, 301]
Checking PIDs [280, 287, 294, 301]
Checking PIDs [280, 287, 294, 301]
Checking PIDs [280, 287, 294, 301]
Checking PIDs [280, 287, 294, 301]
Checking PIDs [280, 287, 294, 301]
Checking PIDs [280, 287, 294, 301]
Checking PIDs [280, 287, 294, 301]
Checking PIDs [280, 287, 294, 301]
Checking PIDs [280, 287, 294, 301]
Checking PIDs [280, 287, 294, 301]
Checking PIDs [280, 287, 294, 301]
Checking PIDs [280, 287, 294, 301]
Checking PIDs [280, 287, 294, 301]
Checking PIDs [280, 287, 294, 301]
Checking PIDs [280, 287, 294, 301]
Checking PIDs [280, 287, 294, 301, 308]
Checking PIDs [280, 287, 294, 301, 308]
Checking PIDs [280, 287, 294, 301, 308]
Checking PIDs [280, 287, 294, 301, 308]
Checking PIDs [280, 287, 294, 301, 308]
Checking PIDs [280, 287, 294, 301, 308]
Checking PIDs [280, 287, 294, 301, 308]
Checking PIDs [280, 287, 294, 301, 308]
Checking PIDs [280, 287, 294, 301, 308]
Checking PIDs [280, 287, 294, 301, 308]
Checking PIDs [280, 287, 294, 301, 308]
Checking PIDs [280, 287, 294, 301, 308]
Checking PIDs [280, 287, 294, 301, 308]
Checking PIDs [280, 287, 294, 301, 308]
Checking PIDs [280, 287, 294, 301, 308]
Checking PIDs [280, 287, 294, 301, 308]
Checking PIDs [280, 287, 294, 301, 308]
Checking PIDs [280, 287, 294, 301, 308]
Checking PIDs [280, 287, 294, 301, 308]
Checking PIDs [280, 287, 294, 301, 308]
Checking PIDs [280, 287, 294, 301, 308]
Checking PIDs [280, 287, 294, 301, 308]
Checking PIDs [280, 287, 294, 301, 308]
Checking PIDs [280, 287, 294, 301, 308]
Checking PIDs [280, 287, 294, 301, 308]
Checking PIDs [280, 287, 294, 301, 308]
Checking PIDs [280, 287, 294, 301, 308]
Checking PIDs [280, 287, 294, 301, 308]
Checking PIDs [280, 287, 294, 301, 308]
Checking PIDs [280, 287, 294, 301, 308]
Checking PIDs [280, 287, 294, 301, 308]
Checking PIDs [280, 287, 294, 301, 308]
Checking PIDs [280, 287, 294, 301, 308]
Checking PIDs [280, 287, 294, 301, 308]
Checking PIDs [280, 287, 294, 301, 308]
Checking PIDs [280, 287, 294, 301, 308]
Checking PIDs [280, 287, 294, 301, 308]
Checking PIDs [280, 287, 294, 301, 308]
Checking PIDs [280, 287, 294, 301, 308]
Checking PIDs [280, 287, 294, 301, 308]
Checking PIDs [280, 287, 294, 301, 308]
Checking PIDs [280, 287, 294, 301, 308]
Checking PIDs [280, 287, 294, 301, 308]
Checking PIDs [280, 287, 294, 301, 308]
Checking PIDs [280, 287, 294, 301, 308]
Checking PIDs [280, 287, 294, 301, 308]
Checking PIDs [280, 287, 294, 301, 308]
Checking PIDs [280, 287, 294, 301, 308]
Checking PIDs [280, 287, 294, 301, 308]
Checking PIDs [280, 287, 294, 301, 308]
Checking PIDs [280, 287, 294, 301, 308]
Checking PIDs [280, 287, 294, 301, 308]
Checking PIDs [280, 287, 294, 301, 308]
Checking PIDs [280, 287, 294, 301, 308]
Checking PIDs [280, 287, 294, 301, 308]
Checking PIDs [280, 287, 294, 301, 308]
Checking PIDs [280, 287, 294, 301, 308, 315]
Checking PIDs [280, 287, 294, 301, 308, 315]
Checking PIDs [280, 287, 294, 301, 308, 315]
Checking PIDs [280, 287, 294, 301, 308, 315]
Checking PIDs [280, 287, 294, 301, 308, 315]
Checking PIDs [280, 287, 294, 301, 308, 315]
Checking PIDs [280, 287, 294, 301, 308, 315]
Checking PIDs [280, 287, 294, 301, 308, 315]
Checking PIDs [280, 287, 294, 301, 308, 315]
Checking PIDs [280, 287, 294, 301, 308, 315]
Checking PIDs [280, 287, 294, 301, 308, 315]
Checking PIDs [280, 287, 294, 301, 308, 315]
Checking PIDs [280, 287, 294, 301, 308, 315]
Checking PIDs [280, 287, 294, 301, 308, 315]
Checking PIDs [280, 287, 294, 301, 308, 315]
Checking PIDs [280, 287, 294, 301, 308, 315]
Checking PIDs [280, 287, 294, 301, 308, 315]
Checking PIDs [280, 287, 294, 301, 308, 315]
Checking PIDs [280, 287, 294, 301, 308, 315]
Checking PIDs [280, 287, 294, 301, 308, 315]
Checking PIDs [280, 287, 294, 301, 308, 315]
Checking PIDs [280, 287, 294, 301, 308, 315]
Checking PIDs [280, 287, 294, 301, 308, 315]
Checking PIDs [280, 287, 294, 301, 308, 315]
Checking PIDs [280, 287, 294, 301, 308, 315]
Checking PIDs [280, 287, 294, 301, 308, 315]
Checking PIDs [280, 287, 294, 301, 308, 315]
Checking PIDs [280, 287, 294, 301, 308, 315]
Checking PIDs [280, 287, 294, 301, 308, 315]
Checking PIDs [280, 287, 294, 301, 308, 315]
Checking PIDs [280, 287, 294, 301, 308, 315]
Checking PIDs [280, 287, 294, 301, 308, 315]
Checking PIDs [280, 287, 294, 301, 308, 315]
Checking PIDs [280, 287, 294, 301, 308, 315]
Checking PIDs [280, 287, 294, 301, 308, 315]
Checking PIDs [280, 287, 294, 301, 308, 315]
Checking PIDs [280, 287, 294, 301, 308, 315]
Checking PIDs [280, 287, 294, 301, 308, 315]
Checking PIDs [280, 287, 294, 301, 308, 315]
Checking PIDs [280, 287, 294, 301, 308, 315]
Checking PIDs [280, 287, 294, 301, 308, 315]
Checking PIDs [280, 287, 294, 301, 308, 315]
Checking PIDs [280, 287, 294, 301, 308, 315]
Checking PIDs [280, 287, 294, 301, 308, 315]
Checking PIDs [280, 287, 294, 301, 308, 315]
Checking PIDs [280, 287, 294, 301, 308, 315]
Checking PIDs [280, 287, 294, 301, 308, 315]
Checking PIDs [280, 287, 294, 301, 308, 315]
Checking PIDs [280, 287, 294, 301, 308, 315]
Checking PIDs [280, 287, 294, 301, 308, 315]
Checking PIDs [280, 287, 294, 301, 308, 315]
Checking PIDs [280, 287, 294, 301, 308, 315]
Checking PIDs [280, 287, 294, 301, 308, 315]
Checking PIDs [280, 287, 294, 301, 308, 315]
Checking PIDs [280, 287, 294, 301, 308, 315]
Checking PIDs [280, 287, 294, 301, 308, 315]
Checking PIDs [280, 287, 294, 301, 308, 315]
Checking PIDs [280, 287, 294, 301, 308, 315]
Checking PIDs [280, 287, 294, 301, 308, 315]
Checking PIDs [280, 287, 294, 301, 308, 315]
Checking PIDs [280, 287, 294, 301, 308, 315]
Checking PIDs [280, 287, 294, 301, 308, 315]
Checking PIDs [280, 287, 294, 301, 308, 315]
Checking PIDs [280, 287, 294, 301, 308, 315]
Checking PIDs [280, 287, 294, 301, 308, 315]
Checking PIDs [280, 287, 294, 301, 308, 315]
Checking PIDs [280, 287, 294, 301, 308, 315]
Checking PIDs [280, 287, 294, 301, 308, 315]
Checking PIDs [280, 287, 294, 301, 308, 315, 322]
Checking PIDs [280, 287, 294, 301, 308, 315, 322]
Checking PIDs [280, 287, 294, 301, 308, 315, 322]
Checking PIDs [280, 287, 294, 301, 308, 315, 322]
Checking PIDs [280, 287, 294, 301, 308, 315, 322]
Checking PIDs [280, 287, 294, 301, 308, 315, 322]
Checking PIDs [280, 287, 294, 301, 308, 315, 322]
Checking PIDs [280, 287, 294, 301, 308, 315, 322]
Checking PIDs [280, 287, 294, 301, 308, 315, 322]
Checking PIDs [280, 287, 294, 301, 308, 315, 322]
Checking PIDs [280, 287, 294, 301, 308, 315, 322]
Checking PIDs [280, 287, 294, 301, 308, 315, 322]
Checking PIDs [280, 287, 294, 301, 308, 315, 322]
Checking PIDs [280, 287, 294, 301, 308, 315, 322]
Checking PIDs [280, 287, 294, 301, 308, 315, 322]
Checking PIDs [280, 287, 294, 301, 308, 315, 322]
Checking PIDs [280, 287, 294, 301, 308, 315, 322]
Checking PIDs [280, 287, 294, 301, 308, 315, 322]
Checking PIDs [280, 287, 294, 301, 308, 315, 322]
Checking PIDs [280, 287, 294, 301, 308, 315, 322, 329]
Checking PIDs [280, 287, 294, 301, 308, 315, 322, 329]
Checking PIDs [280, 287, 294, 301, 308, 315, 322, 329]
Checking PIDs [280, 287, 294, 301, 308, 315, 322, 329]
Checking PIDs [280, 287, 294, 301, 308, 315, 322, 329]
Checking PIDs [280, 287, 294, 301, 308, 315, 322, 329]
Checking PIDs [280, 287, 294, 301, 308, 315, 322, 329]
Checking PIDs [280, 287, 294, 301, 308, 315, 322, 329]
Checking PIDs [280, 287, 294, 301, 308, 315, 322, 329]
Checking PIDs [280, 287, 294, 301, 308, 315, 322, 329]
Checking PIDs [280, 287, 294, 301, 308, 315, 322, 329]
Checking PIDs [280, 287, 294, 301, 308, 315, 322, 329]
Checking PIDs [280, 287, 294, 301, 308, 315, 322, 329]
Checking PIDs [280, 287, 294, 301, 308, 315, 322, 329]
Checking PIDs [280, 287, 294, 301, 308, 315, 322, 329]
Checking PIDs [280, 287, 294, 301, 308, 315, 322, 329]
Checking PIDs [280, 287, 294, 301, 308, 315, 322, 329]
Checking PIDs [280, 287, 294, 301, 308, 315, 322, 329]
Checking PIDs [280, 287, 294, 301, 308, 315, 322, 329]
Checking PIDs [280, 287, 294, 301, 308, 315, 322, 329]
Checking PIDs [280, 287, 294, 301, 308, 315, 322, 329]
Checking PIDs [280, 287, 294, 301, 308, 315, 322, 329]
Checking PIDs [280, 287, 294, 301, 308, 315, 322, 329]
Checking PIDs [280, 287, 294, 301, 308, 315, 322, 329]
Checking PIDs [280, 287, 294, 301, 308, 315, 322, 329]
Checking PIDs [280, 287, 294, 301, 308, 315, 322, 329]
Checking PIDs [280, 287, 294, 301, 308, 315, 322, 329]
Checking PIDs [280, 287, 294, 301, 308, 315, 322, 329]
Checking PIDs [280, 287, 294, 301, 308, 315, 322, 329]
Checking PIDs [280, 287, 294, 301, 308, 315, 322, 329]
Checking PIDs [280, 287, 294, 301, 308, 315, 322, 329]
Checking PIDs [280, 287, 294, 301, 308, 315, 322, 329]
Checking PIDs [280, 287, 294, 301, 308, 315, 322, 329]
Checking PIDs [280, 287, 294, 301, 308, 315, 322, 329]
Checking PIDs [280, 287, 294, 301, 308, 315, 322, 329]
Checking PIDs [280, 287, 294, 301, 308, 315, 322, 329]
Checking PIDs [280, 287, 294, 301, 308, 315, 322, 329]
Checking PIDs [280, 287, 294, 301, 308, 315, 322, 329]
Checking PIDs [280, 287, 294, 301, 308, 315, 322, 329]
Checking PIDs [280, 287, 294, 301, 308, 315, 322, 329]
Checking PIDs [280, 287, 294, 301, 308, 315, 322, 329]
Checking PIDs [280, 287, 294, 301, 308, 315, 322, 329]
Checking PIDs [280, 287, 294, 301, 308, 315, 322, 329]
Checking PIDs [280, 287, 294, 301, 308, 315, 322, 329]
Checking PIDs [280, 287, 294, 301, 308, 315, 322, 329]
Checking PIDs [280, 287, 294, 301, 308, 315, 322, 329]
Checking PIDs [280, 287, 294, 301, 308, 315, 322, 329]
Checking PIDs [280, 287, 294, 301, 308, 315, 322, 329]
Checking PIDs [280, 287, 294, 301, 308, 315, 322, 329]
Checking PIDs [280, 287, 294, 301, 308, 315, 322, 329]
Checking PIDs [280, 287, 294, 301, 308, 315, 322, 329]
Checking PIDs [280, 287, 294, 301, 308, 315, 322, 329]
Checking PIDs [280, 287, 294, 301, 308, 315, 322, 329]
Checking PIDs [280, 287, 294, 301, 308, 315, 322, 329]
Checking PIDs [280, 287, 294, 301, 308, 315, 322, 329]
Checking PIDs [280, 287, 294, 301, 308, 315, 322, 329]
Checking PIDs [280, 287, 294, 301, 308, 315, 322, 329]
Checking PIDs [280, 287, 294, 301, 308, 315, 322, 329]
Checking PIDs [280, 287, 294, 301, 308, 315, 322, 329]
Checking PIDs [280, 287, 294, 301, 308, 315, 322, 329]
Checking PIDs [280, 287, 294, 301, 308, 315, 322, 329]
Checking PIDs [280, 287, 294, 301, 308, 315, 322, 329]
Checking PIDs [280, 287, 294, 301, 308, 315, 322, 329]
Checking PIDs [280, 287, 294, 301, 308, 315, 322, 329]
Checking PIDs [280, 287, 294, 301, 308, 315, 322, 329]
Checking PIDs [280, 287, 294, 301, 308, 315, 322, 329]
Checking PIDs [280, 287, 294, 301, 308, 315, 322, 329]
Checking PIDs [280, 287, 294, 301, 308, 315, 322, 329]
Checking PIDs [280, 287, 294, 301, 308, 315, 322, 329]
Checking PIDs [280, 287, 294, 301, 308, 315, 322, 329]
Checking PIDs [280, 287, 294, 301, 308, 315, 322, 329]
Checking PIDs [280, 287, 294, 301, 308, 315, 322, 329]
Checking PIDs [280, 287, 294, 301, 308, 315, 322, 329]
Checking PIDs [280, 287, 294, 301, 308, 315, 322, 329]
Checking PIDs [280, 287, 294, 301, 308, 315, 322, 329]
Checking PIDs [280, 287, 294, 301, 308, 315, 322, 329]
Checking PIDs [280, 287, 294, 301, 308, 315, 322, 329]
Checking PIDs [280, 287, 294, 301, 308, 315, 322, 329]
Checking PIDs [280, 287, 294, 301, 308, 315, 322, 329]
Checking PIDs [280, 287, 294, 301, 308, 315, 322, 329]
Checking PIDs [280, 287, 294, 301, 308, 315, 322, 329]
Checking PIDs [280, 287, 294, 301, 308, 315, 322, 329]
Checking PIDs [280, 287, 294, 301, 308, 315, 322, 329]
Checking PIDs [280, 287, 294, 301, 308, 315, 322, 329]
Checking PIDs [280, 287, 294, 301, 308, 315, 322, 329]
Checking PIDs [280, 287, 294, 301, 308, 315, 322, 329]
Checking PIDs [280, 287, 294, 301, 308, 315, 322, 329]
Checking PIDs [280, 287, 294, 301, 308, 315, 322, 329]
Checking PIDs [280, 287, 294, 301, 308, 315, 322, 329]
Checking PIDs [280, 287, 294, 301, 308, 315, 322, 329]
Checking PIDs [280, 287, 294, 301, 308, 315, 322, 329]
Checking PIDs [280, 287, 294, 301, 308, 315, 322, 329]
Checking PIDs [280, 287, 294, 301, 308, 315, 322, 329]
Checking PIDs [280, 287, 294, 301, 308, 315, 322, 329]
Checking PIDs [280, 287, 294, 301, 308, 315, 322, 329]
Checking PIDs [280, 287, 294, 301, 308, 315, 322, 329]
Checking PIDs [280, 287, 294, 301, 308, 315, 322, 329]
Checking PIDs [280, 287, 294, 301, 308, 315, 322, 329]
Checking PIDs [280, 287, 294, 301, 308, 315, 322, 329]
Checking PIDs [280, 287, 294, 301, 308, 315, 322, 329]
Checking PIDs [280, 287, 294, 301, 308, 315, 322, 329]
Checking PIDs [280, 287, 294, 301, 308, 315, 322, 329]
Checking PIDs [280, 287, 294, 301, 308, 315, 322, 329]
Checking PIDs [280, 287, 294, 301, 308, 315, 322, 329]
Checking PIDs [280, 287, 294, 301, 308, 315, 322, 329]
Checking PIDs [280, 287, 294, 301, 308, 315, 322, 329]
Checking PIDs [280, 287, 294, 301, 308, 315, 322, 329]
Checking PIDs [280, 287, 294, 301, 308, 315, 322, 329]
Checking PIDs [280, 287, 294, 301, 308, 315, 322, 329]
Checking PIDs [280, 287, 294, 301, 308, 315, 322, 329]
Checking PIDs [280, 287, 294, 301, 308, 315, 322, 329]
Checking PIDs [280, 287, 294, 301, 308, 315, 322, 329]
Checking PIDs [280, 287, 294, 301, 308, 315, 322, 329]
Checking PIDs [280, 287, 294, 301, 308, 315, 322, 329]
Checking PIDs [280, 287, 294, 301, 308, 315, 322, 329]
Checking PIDs [280, 287, 294, 301, 308, 315, 322, 329]
Checking PIDs [280, 287, 294, 301, 308, 315, 322, 329]
Checking PIDs [280, 287, 294, 301, 308, 315, 322, 329]
Checking PIDs [280, 287, 294, 301, 308, 315, 322, 329]
Checking PIDs [280, 287, 294, 301, 308, 315, 322, 329]
Checking PIDs [280, 287, 294, 301, 308, 315, 322, 329]
Checking PIDs [280, 287, 294, 301, 308, 315, 322, 329]
Checking PIDs [280, 287, 294, 301, 308, 315, 322, 329]
Checking PIDs [280, 287, 294, 301, 308, 315, 322, 329]
Checking PIDs [280, 287, 294, 301, 308, 315, 322, 329]
Checking PIDs [280, 287, 294, 301, 308, 315, 322, 329]
Checking PIDs [280, 287, 294, 301, 308, 315, 322, 329]
Checking PIDs [280, 287, 294, 301, 308, 315, 322, 329]
Checking PIDs [280, 287, 294, 301, 308, 315, 322, 329]
Checking PIDs [280, 287, 294, 301, 308, 315, 322, 329]
Checking PIDs [280, 287, 294, 301, 308, 315, 322, 329]
Checking PIDs [280, 287, 294, 301, 308, 315, 322, 329]
Checking PIDs [280, 287, 294, 301, 308, 315, 322, 329]
Checking PIDs [280, 287, 294, 301, 308, 315, 322, 329]
Checking PIDs [280, 287, 294, 301, 308, 315, 322, 329]
Checking PIDs [280, 287, 294, 301, 308, 315, 322, 329]
Checking PIDs [280, 287, 294, 301, 308, 315, 322, 329]
Checking PIDs [280, 287, 294, 301, 308, 315, 322, 329]
Checking PIDs [280, 287, 294, 301, 308, 315, 322, 329]
Checking PIDs [280, 287, 294, 301, 308, 315, 322, 329]
Checking PIDs [280, 287, 294, 301, 308, 315, 322, 329]
Checking PIDs [280, 287, 294, 301, 308, 315, 322, 329]
Checking PIDs [280, 287, 294, 301, 308, 315, 322, 329]
Checking PIDs [280, 287, 294, 301, 308, 315, 322, 329]
Checking PIDs [280, 287, 294, 301, 308, 315, 322, 329]
Checking PIDs [280, 287, 294, 301, 308, 315, 322, 329]
Checking PIDs [280, 287, 294, 301, 308, 315, 322, 329]
Checking PIDs [280, 287, 294, 301, 308, 315, 322, 329]
Checking PIDs [280, 287, 294, 301, 308, 315, 322, 329]
Checking PIDs [280, 287, 294, 301, 308, 315, 322, 329]
