     1                                  bits 32
     2                                  global start
     3                                  
     4                                  extern exit, fopen, fclose, fscanf, fprintf
     5                                  import exit msvcrt.dll
     6                                  import fopen msvcrt.dll
     7                                  import fclose msvcrt.dll
     8                                  import fscanf msvcrt.dll
     9                                  import fprintf msvcrt.dll
    10                                        
    11                                  segment data use32 class=data
    12 00000000 <res 00000064>              text resb 100
    13 00000064 6669735F6578616D2E-         fisier1 db "fis_exam.txt", 0
    13 0000006D 74787400           
    14 00000071 6669735F696E746572-         fisier2 db "fis_intermediar.txt", 0
    14 0000007A 6D65646961722E7478-
    14 00000083 7400               
    15                                      
    16 00000085 7700                        mod_acces1 db "w", 0
    17 00000087 7200                        mod_acces2 db "r", 0
    18                                      
    19 00000089 257300                      format1 db "%s", 0
    20 0000008C 256300                      format2 db "%c", 0
    21                                      
    22 0000008F 00000000                    descriptor_fis dd 0
    23                                  
    24                                  segment code use32 class=code
    25                                  start:
    26                                  
    27 00000000 68[87000000]                push dword mod_acces2
    28 00000005 68[64000000]                push dword fisier1
    29 0000000A FF15[00000000]              call [fopen]
    30 00000010 83C408                      add esp, 4*2
    31                                      
    32 00000013 85C0                        test eax, eax
    33 00000015 747E                        jz final
    34 00000017 A3[8F000000]                mov [descriptor_fis], eax
    35                                      
    36 0000001C 68[00000000]                push dword text
    37 00000021 68[89000000]                push dword format1
    38 00000026 FF35[8F000000]              push dword [descriptor_fis]
    39 0000002C FF15[00000000]              call [fscanf]
    40 00000032 83C40C                      add esp, 4*3
    41                                      
    42 00000035 FF35[8F000000]              push dword [descriptor_fis]
    43 0000003B FF15[00000000]              call [fclose]
    44 00000041 83C404                      add esp, 4
    45                                      
    46 00000044 68[85000000]                push dword mod_acces1
    47 00000049 68[71000000]                push dword fisier2
    48 0000004E FF15[00000000]              call [fopen]
    49 00000054 83C408                      add esp, 4*2
    50 00000057 A3[8F000000]                mov [descriptor_fis], eax
    51                                      
    52 0000005C BE00000000                  mov esi, 0
    53 00000061 BE[00000000]                mov esi, text
    54                                      
    55                                      cautare:
    56 00000066 803E00                          cmp byte[esi], 0
    57 00000069 742A                            je final
    58                                          
    59 0000006B 31F6                            xor esi, esi
    60                                          
    61 0000006D FF36                            push dword[esi]
    62 0000006F 68[8C000000]                    push format2
    63 00000074 FF35[8F000000]                  push dword [descriptor_fis]
    64 0000007A FF15[00000000]                  call [fprintf]
    65 00000080 83C40C                          add esp, 4*3
    66                                          
    67 00000083 46                              inc esi
    68 00000084 EBE0                            jmp cautare
    69                                     
    70 00000086 FF35[8F000000]              push dword [descriptor_fis]
    71 0000008C FF15[00000000]              call [fclose]
    72 00000092 83C404                      add esp, 4
    73                                      
    74                                      final:
    75 00000095 6A00                        push dword 0
    76 00000097 FF15[00000000]              call [exit]
