[2022-05-06 09:17:14] [info] Start Program:
Path:"C:\Users\simon\Documents\Facultate\FacultyHomework\Second_semester\Programare Orientata Obiect\FinalProjects\Lab8_9\x64\Debug\Lab8_9.exe"
Arguments:
Working directory: "C:\Users\simon\Documents\Facultate\FacultyHomework\Second_semester\Programare Orientata Obiect\FinalProjects\Lab8_9\Lab8_9\"
Modules: Selected: C:\Users\simon\Documents\Facultate\FacultyHomework\Second_semester\Programare Orientata Obiect\FinalProjects\Lab8_9\x64\Debug\Lab8_9.exe Excluded: 
Sources: Selected: C:\Users\simon\Documents\Facultate\FacultyHomework\Second_semester\Programare Orientata Obiect\FinalProjects\Lab8_9\Lab8_9 Excluded: 
Log Level: Normal
Cover Children: 0
Aggregate by file: 1
Continue after C++ exception: 0
Optimized build support: 0
Export: Binary C:\Users\simon\AppData\Local\Temp\rkv4k2zt.qyi 
Input coverage: 
Unified diff: 
Excluded line regular expressions: 
Substitute pdb source paths: 

[2022-05-06 09:17:14] [info] Module: C:\Users\simon\Documents\Facultate\FacultyHomework\Second_semester\Programare Orientata Obiect\FinalProjects\Lab8_9\x64\Debug\Lab8_9.exe is selected because it matches selected pattern: C:\Users\simon\Documents\Facultate\FacultyHomework\Second_semester\Programare Orientata Obiect\FinalProjects\Lab8_9\x64\Debug\Lab8_9.exe
[2022-05-06 09:17:15] [info] ----------------------------------------------------
[2022-05-06 09:17:15] [info] Coverage binary generated in file: C:\Users\simon\AppData\Local\Temp\rkv4k2zt.qyi
[2022-05-06 09:17:15] [info] ----------------------------------------------------
