[2022-05-06 09:13:48] [info] Start Program:
Path:"C:\Users\simon\Documents\Facultate\FacultyHomework\Second_semester\Programare Orientata Obiect\FinalProjects\Lab8_9 iter1\x64\Debug\Lab8_9 iter1.exe"
Arguments:
Working directory: "C:\Users\simon\Documents\Facultate\FacultyHomework\Second_semester\Programare Orientata Obiect\FinalProjects\Lab8_9 iter1\Lab8_9 iter1\"
Modules: Selected: C:\Users\simon\Documents\Facultate\FacultyHomework\Second_semester\Programare Orientata Obiect\FinalProjects\Lab8_9 iter1\x64\Debug\Lab8_9 iter1.exe Excluded: 
Sources: Selected: C:\Users\simon\Documents\Facultate\FacultyHomework\Second_semester\Programare Orientata Obiect\FinalProjects\Lab8_9 iter1\Lab8_9 iter1 Excluded: 
Log Level: Normal
Cover Children: 0
Aggregate by file: 1
Continue after C++ exception: 0
Optimized build support: 0
Export: Binary C:\Users\simon\AppData\Local\Temp\eycbua0y.xpk 
Input coverage: 
Unified diff: 
Excluded line regular expressions: 
Substitute pdb source paths: 

[2022-05-06 09:13:48] [info] Module: C:\Users\simon\Documents\Facultate\FacultyHomework\Second_semester\Programare Orientata Obiect\FinalProjects\Lab8_9 iter1\x64\Debug\Lab8_9 iter1.exe is selected because it matches selected pattern: C:\Users\simon\Documents\Facultate\FacultyHomework\Second_semester\Programare Orientata Obiect\FinalProjects\Lab8_9 iter1\x64\Debug\Lab8_9 iter1.exe
[2022-05-06 09:13:49] [info] ----------------------------------------------------
[2022-05-06 09:13:49] [info] Coverage binary generated in file: C:\Users\simon\AppData\Local\Temp\eycbua0y.xpk
[2022-05-06 09:13:49] [info] ----------------------------------------------------
