c:\users\simon\documents\facultate\facultyhomework\second_semester\programare orientata obiect\examples\vectordinamiccpp\vectordinamiccpp\x64\debug\vc143.pdb
c:\users\simon\documents\facultate\facultyhomework\second_semester\programare orientata obiect\examples\vectordinamiccpp\vectordinamiccpp\x64\debug\vc143.idb
c:\users\simon\documents\facultate\facultyhomework\second_semester\programare orientata obiect\examples\vectordinamiccpp\vectordinamiccpp\x64\debug\vectdinsmartpointer.nativecodeanalysis.sarif
c:\users\simon\documents\facultate\facultyhomework\second_semester\programare orientata obiect\examples\vectordinamiccpp\vectordinamiccpp\x64\debug\vectdinsmartpointer.nativecodeanalysis.xml
c:\users\simon\documents\facultate\facultyhomework\second_semester\programare orientata obiect\examples\vectordinamiccpp\vectordinamiccpp\x64\debug\vectdinnewdelete.nativecodeanalysis.sarif
c:\users\simon\documents\facultate\facultyhomework\second_semester\programare orientata obiect\examples\vectordinamiccpp\vectordinamiccpp\x64\debug\vectdinnewdelete.nativecodeanalysis.xml
c:\users\simon\documents\facultate\facultyhomework\second_semester\programare orientata obiect\examples\vectordinamiccpp\vectordinamiccpp\x64\debug\pet.nativecodeanalysis.sarif
c:\users\simon\documents\facultate\facultyhomework\second_semester\programare orientata obiect\examples\vectordinamiccpp\vectordinamiccpp\x64\debug\pet.nativecodeanalysis.xml
c:\users\simon\documents\facultate\facultyhomework\second_semester\programare orientata obiect\examples\vectordinamiccpp\vectordinamiccpp\x64\debug\pet.obj
c:\users\simon\documents\facultate\facultyhomework\second_semester\programare orientata obiect\examples\vectordinamiccpp\vectordinamiccpp\x64\debug\vectdinnewdelete.obj
c:\users\simon\documents\facultate\facultyhomework\second_semester\programare orientata obiect\examples\vectordinamiccpp\vectordinamiccpp\x64\debug\vectdinsmartpointer.obj
c:\users\simon\documents\facultate\facultyhomework\second_semester\programare orientata obiect\examples\vectordinamiccpp\vectordinamiccpp\x64\debug\main.nativecodeanalysis.sarif
c:\users\simon\documents\facultate\facultyhomework\second_semester\programare orientata obiect\examples\vectordinamiccpp\vectordinamiccpp\x64\debug\main.nativecodeanalysis.xml
c:\users\simon\documents\facultate\facultyhomework\second_semester\programare orientata obiect\examples\vectordinamiccpp\vectordinamiccpp\x64\debug\main.obj
c:\users\simon\documents\facultate\facultyhomework\second_semester\programare orientata obiect\examples\vectordinamiccpp\vectordinamiccpp\x64\debug\vectordinamiccpp.ilk
c:\users\simon\documents\facultate\facultyhomework\second_semester\programare orientata obiect\examples\vectordinamiccpp\vectordinamiccpp\x64\debug\vc.nativecodeanalysis.all.xml
c:\users\simon\documents\facultate\facultyhomework\second_semester\programare orientata obiect\examples\vectordinamiccpp\x64\debug\vectordinamiccpp.pdb
c:\users\simon\documents\facultate\facultyhomework\second_semester\programare orientata obiect\examples\vectordinamiccpp\x64\debug\vectordinamiccpp.exe
c:\users\simon\documents\facultate\facultyhomework\second_semester\programare orientata obiect\examples\vectordinamiccpp\vectordinamiccpp\x64\debug\vectordinamiccpp.tlog\cl.command.1.tlog
c:\users\simon\documents\facultate\facultyhomework\second_semester\programare orientata obiect\examples\vectordinamiccpp\vectordinamiccpp\x64\debug\vectordinamiccpp.tlog\cl.read.1.tlog
c:\users\simon\documents\facultate\facultyhomework\second_semester\programare orientata obiect\examples\vectordinamiccpp\vectordinamiccpp\x64\debug\vectordinamiccpp.tlog\cl.write.1.tlog
c:\users\simon\documents\facultate\facultyhomework\second_semester\programare orientata obiect\examples\vectordinamiccpp\vectordinamiccpp\x64\debug\vectordinamiccpp.tlog\link.command.1.tlog
c:\users\simon\documents\facultate\facultyhomework\second_semester\programare orientata obiect\examples\vectordinamiccpp\vectordinamiccpp\x64\debug\vectordinamiccpp.tlog\link.read.1.tlog
c:\users\simon\documents\facultate\facultyhomework\second_semester\programare orientata obiect\examples\vectordinamiccpp\vectordinamiccpp\x64\debug\vectordinamiccpp.tlog\link.write.1.tlog
