     1                                  ; Cerinta:
     2                                  ; 12. Se dau doua cuvinte A si B. Sa se obtina dublucuvantul C:
     3                                  ;   -bitii 0-6 ai lui C au valoarea 0
     4                                  ;   -bitii 7-9 ai lui C coincid cu bitii 0-2 ai lui A
     5                                  ;   -bitii 10-15 ai lui C coincid cu bitii 8-13 ai lui B
     6                                  ;   -bitii 16-31 ai lui C au valoarea 1
     7                                  
     8                                  bits 32
     9                                  global start        
    10                                  
    11                                  extern exit
    12                                  import exit msvcrt.dll
    13                                  
    14                                  segment data use32 class=data 
    15 00000000 7555                        a dw 0101010101110101b ; 0101 0101 0111 0101
    16 00000002 9CA9                        b dw 1010100110011100b ; 1010 1001 1001 1100   
    17 00000004 00000000                    c dd 0
    18                                      
    19                                  
    20                                  segment code use32 class=code
    21                                      start:
    22                                      
    23 00000000 66BB0000                        mov bx, 0
    24 00000004 66BA0000                        mov dx, 0 ; in dx:bx vom calcula rezultatul
    25                                          
    26 00000008 6683E380                        and  bx, 1111111110000000b ; facem bitii 0-6 din rezultat sa aiba valoarea 0
    27                                                                     ; 1111 1111 1000 0000
    28                                          
    29 0000000C 66A1[00000000]                  mov  ax, [a] ; izolam bitii 0-2 ai lui a
    30 00000012 6683E005                        and  ax, 0000000000000101b ; 0000 0000 0000 0101
    31 00000016 B107                            mov  cl, 7
    32 00000018 66D3C0                          rol  ax, cl ; rotim 7 pozitii spre stanga
    33 0000001B 6609C3                          or   bx, ax ; punem bitii in rezultat
    34                                          
    35 0000001E 66A1[02000000]                  mov  ax, [b] ; izolam bitii 8-13 ai lui b
    36 00000024 6625003F                        and  ax, 0011111100000000b ; 0011 1111 0000 0000
    37 00000028 B102                            mov  cl, 2
    38 0000002A 66D3C0                          rol  ax, cl ; rotim 2 pozitii spre stanga
    39 0000002D 6609C3                          or   bx, ax ; punem bitii in rezultat
    40                                          
    41 00000030 6683CAFF                        or dx, 1111111111111111b ; bitii 16-31 ai lui C au valoarea 1
    42                                                                   ; 1111 1111 1111 1111
    43                                          
    44 00000034 6652                            push dx
    45 00000036 6653                            push bx
    46                                          
    47 00000038 B800000000                      mov eax, 0
    48 0000003D 58                              pop eax
    49                                          
    50 0000003E A3[04000000]                    mov dword[c], eax ;punem valoarea din registru in rezultat, astfel in c avem rezultatul dorit
    51                                          
    52 00000043 6A00                            push    dword 0
    53 00000045 FF15[00000000]                  call    [exit]
