[2022-05-18 16:34:43] [info] Start Program:
Path:"C:\Users\simon\Documents\Facultate\FacultyHomework\Second_semester\Structuri de date si algoritmi\FinalProjects\Tema 4 - multidictionar\Debug\Tema 4.exe"
Arguments:
Working directory: "C:\Users\simon\Documents\Facultate\FacultyHomework\Second_semester\Structuri de date si algoritmi\FinalProjects\Tema 4 - multidictionar\"
Modules: Selected: C:\Users\simon\Documents\Facultate\FacultyHomework\Second_semester\Structuri de date si algoritmi\FinalProjects\Tema 4 - multidictionar\Debug\Tema 4.exe Excluded: 
Sources: Selected: C:\Users\simon\Documents\Facultate\FacultyHomework\Second_semester\Structuri de date si algoritmi\FinalProjects\Tema 4 - multidictionar Excluded: 
Log Level: Normal
Cover Children: 0
Aggregate by file: 1
Continue after C++ exception: 0
Optimized build support: 0
Export: Binary C:\Users\simon\AppData\Local\Temp\thyi3z4q.0hw 
Input coverage: 
Unified diff: 
Excluded line regular expressions: 
Substitute pdb source paths: 

[2022-05-18 16:34:44] [info] Module: C:\Users\simon\Documents\Facultate\FacultyHomework\Second_semester\Structuri de date si algoritmi\FinalProjects\Tema 4 - multidictionar\Debug\Tema 4.exe is selected because it matches selected pattern: C:\Users\simon\Documents\Facultate\FacultyHomework\Second_semester\Structuri de date si algoritmi\FinalProjects\Tema 4 - multidictionar\Debug\Tema 4.exe
[2022-05-18 16:35:29] [info] ----------------------------------------------------
[2022-05-18 16:35:29] [info] Coverage binary generated in file: C:\Users\simon\AppData\Local\Temp\thyi3z4q.0hw
[2022-05-18 16:35:29] [info] ----------------------------------------------------
