[2022-04-13 16:33:47] [info] Start Program:
Path:"C:\Users\simon\Documents\Facultate\FacultyHomework\Second_semester\Structuri de date si algoritmi\FinalProjects\laborator3\x64\Debug\laborator3.exe"
Arguments:
Working directory: "C:\Users\simon\Documents\Facultate\FacultyHomework\Second_semester\Structuri de date si algoritmi\FinalProjects\laborator3\laborator3\"
Modules: Selected: C:\Users\simon\Documents\Facultate\FacultyHomework\Second_semester\Structuri de date si algoritmi\FinalProjects\laborator3\x64\Debug\laborator3.exe Excluded: 
Sources: Selected: C:\Users\simon\Documents\Facultate\FacultyHomework\Second_semester\Structuri de date si algoritmi\FinalProjects\laborator3\laborator3 Excluded: 
Log Level: Normal
Cover Children: 0
Aggregate by file: 1
Continue after C++ exception: 0
Optimized build support: 0
Export: Binary C:\Users\simon\AppData\Local\Temp\unsovo2d.vr1 
Input coverage: 
Unified diff: 
Excluded line regular expressions: 
Substitute pdb source paths: 

[2022-04-13 16:33:47] [info] Module: C:\Users\simon\Documents\Facultate\FacultyHomework\Second_semester\Structuri de date si algoritmi\FinalProjects\laborator3\x64\Debug\laborator3.exe is selected because it matches selected pattern: C:\Users\simon\Documents\Facultate\FacultyHomework\Second_semester\Structuri de date si algoritmi\FinalProjects\laborator3\x64\Debug\laborator3.exe
[2022-04-13 16:33:48] [info] ----------------------------------------------------
[2022-04-13 16:33:48] [info] Coverage binary generated in file: C:\Users\simon\AppData\Local\Temp\unsovo2d.vr1
[2022-04-13 16:33:48] [info] ----------------------------------------------------
