[2022-05-05 21:31:20] [info] Start Program:
Path:"C:\Users\simon\Documents\Facultate\FacultyHomework\Second_semester\Programare Orientata Obiect\Examples\VectorDinamicCPP\x64\Debug\VectorDinamicCPP.exe"
Arguments:
Working directory: "C:\Users\simon\Documents\Facultate\FacultyHomework\Second_semester\Programare Orientata Obiect\Examples\VectorDinamicCPP\VectorDinamicCPP\"
Modules: Selected: C:\Users\simon\Documents\Facultate\FacultyHomework\Second_semester\Programare Orientata Obiect\Examples\VectorDinamicCPP\x64\Debug\VectorDinamicCPP.exe Excluded: 
Sources: Selected: C:\Users\simon\Documents\Facultate\FacultyHomework\Second_semester\Programare Orientata Obiect\Examples\VectorDinamicCPP\VectorDinamicCPP Excluded: 
Log Level: Normal
Cover Children: 0
Aggregate by file: 1
Continue after C++ exception: 0
Optimized build support: 0
Export: Binary C:\Users\simon\AppData\Local\Temp\2yiaa1ca.gtw 
Input coverage: 
Unified diff: 
Excluded line regular expressions: 
Substitute pdb source paths: 

[2022-05-05 21:31:20] [info] Module: C:\Users\simon\Documents\Facultate\FacultyHomework\Second_semester\Programare Orientata Obiect\Examples\VectorDinamicCPP\x64\Debug\VectorDinamicCPP.exe is selected because it matches selected pattern: C:\Users\simon\Documents\Facultate\FacultyHomework\Second_semester\Programare Orientata Obiect\Examples\VectorDinamicCPP\x64\Debug\VectorDinamicCPP.exe
[2022-05-05 21:31:21] [error] 

----------------------------------------------------
*** Unhandled exception code: 3221225477: EXCEPTION_ACCESS_VIOLATION
----------------------------------------------------
If your application was built with optimization enabled, make sure you use --optimized_build

[2022-05-05 21:31:21] [info] ----------------------------------------------------
[2022-05-05 21:31:21] [info] Coverage binary generated in file: C:\Users\simon\AppData\Local\Temp\2yiaa1ca.gtw
[2022-05-05 21:31:21] [info] ----------------------------------------------------
[2022-05-05 21:31:21] [error] Your program stop with error code: -1073741819
