[2022-05-04 16:19:57] [info] Start Program:
Path:"C:\Users\simon\Documents\Facultate\FacultyHomework\Second_semester\Structuri de date si algoritmi\FinalProjects\laborator4\x64\Debug\laborator4.exe"
Arguments:
Working directory: "C:\Users\simon\Documents\Facultate\FacultyHomework\Second_semester\Structuri de date si algoritmi\FinalProjects\laborator4\laborator4\"
Modules: Selected: C:\Users\simon\Documents\Facultate\FacultyHomework\Second_semester\Structuri de date si algoritmi\FinalProjects\laborator4\x64\Debug\laborator4.exe Excluded: 
Sources: Selected: C:\Users\simon\Documents\Facultate\FacultyHomework\Second_semester\Structuri de date si algoritmi\FinalProjects\laborator4\laborator4 Excluded: 
Log Level: Normal
Cover Children: 0
Aggregate by file: 1
Continue after C++ exception: 0
Optimized build support: 0
Export: Binary C:\Users\simon\AppData\Local\Temp\cclf40oc.pok 
Input coverage: 
Unified diff: 
Excluded line regular expressions: 
Substitute pdb source paths: 

[2022-05-04 16:19:57] [info] Module: C:\Users\simon\Documents\Facultate\FacultyHomework\Second_semester\Structuri de date si algoritmi\FinalProjects\laborator4\x64\Debug\laborator4.exe is selected because it matches selected pattern: C:\Users\simon\Documents\Facultate\FacultyHomework\Second_semester\Structuri de date si algoritmi\FinalProjects\laborator4\x64\Debug\laborator4.exe
[2022-05-04 16:23:43] [info] ----------------------------------------------------
[2022-05-04 16:23:43] [info] Coverage binary generated in file: C:\Users\simon\AppData\Local\Temp\cclf40oc.pok
[2022-05-04 16:23:43] [info] ----------------------------------------------------
