     1                                  bits 32 ;asamblare și compilare pentru arhitectura de 32 biți
     2                                  ; definim punctul de intrare in programul principal
     3                                  global start
     4                                  
     5                                  ; declaram functiile externe necesare programului nostru 
     6                                  extern exit ; indicam asamblorului ca exit exista, chiar daca noi nu o vom defini
     7                                  import exit msvcrt.dll  ; exit este o functie care incheie procesul, este definita in msvcrt.dll
     8                                          ; msvcrt.dll contine exit, printf si toate celelalte functii C-runtime importante
     9                                  
    10                                  ; segmentul de date in care se vor defini variabilele 
    11                                  segment data use32 class=data
    12                                  ; ... 
    13                                  
    14                                  ; segmentul de cod
    15                                  segment code use32 class=code
    16                                  start:
    17 00000000 66B82C01                mov AX, 300
    18 00000004 66BB0001                mov BX, 256
    19 00000008 6601D8                  add AX, BX
    20 0000000B 6629D8                  sub AX, BX
    21                                  
    22                                      ; exit(0)
    23 0000000E 6A00                        push dword 0 ; se pune pe stiva parametrul functiei exit
    24 00000010 FF15[00000000]              call [exit] ; apelul functiei exit pentru terminarea executiei programului
