[2022-05-11 16:30:14] [info] Start Program:
Path:"C:\Users\Ana\source\repos\SEMINAR6\x64\Debug\SEMINAR6.exe"
Arguments:
Working directory: "C:\Users\Ana\source\repos\SEMINAR6\SEMINAR6\"
Modules: Selected: C:\Users\Ana\source\repos\SEMINAR6\x64\Debug\SEMINAR6.exe Excluded: 
Sources: Selected: C:\Users\Ana\source\repos\SEMINAR6\SEMINAR6 Excluded: 
Log Level: Normal
Cover Children: 0
Aggregate by file: 1
Continue after C++ exception: 0
Optimized build support: 0
Export: Binary C:\Users\Ana\AppData\Local\Temp\veezziz1.n3c 
Input coverage: 
Unified diff: 
Excluded line regular expressions: 
Substitute pdb source paths: 

[2022-05-11 16:30:14] [info] Module: C:\Users\Ana\source\repos\SEMINAR6\x64\Debug\SEMINAR6.exe is selected because it matches selected pattern: C:\Users\Ana\source\repos\SEMINAR6\x64\Debug\SEMINAR6.exe
[2022-05-11 16:30:17] [info] ----------------------------------------------------
[2022-05-11 16:30:17] [info] Coverage binary generated in file: C:\Users\Ana\AppData\Local\Temp\veezziz1.n3c
[2022-05-11 16:30:17] [info] ----------------------------------------------------
