[2022-04-08 17:52:15] [info] Start Program:
Path:"C:\Users\simon\Documents\Facultate\Laboratoare\Second_semester\Structuri de date si algoritmi\laborator1\x64\Debug\laborator1.exe"
Arguments:
Working directory: "C:\Users\simon\Documents\Facultate\Laboratoare\Second_semester\Structuri de date si algoritmi\laborator1\laborator1"
Modules: Selected: C:\Users\simon\Documents\Facultate\Laboratoare\Second_semester\Structuri de date si algoritmi\laborator1\x64\Debug\laborator1.exe Excluded: 
Sources: Selected: C:\Users\simon\Documents\Facultate\Laboratoare\Second_semester\Structuri de date si algoritmi\laborator1\laborator1 C:\Users\simon\Documents\Facultate\Laboratoare\Second_semester\Structuri de date si algoritmi\Multime Excluded: 
Log Level: Normal
Cover Children: 0
Aggregate by file: 1
Continue after C++ exception: 0
Optimized build support: 0
Export: Binary C:\Users\simon\AppData\Local\Temp\pdhp0ewg.ncg 
Input coverage: 
Unified diff: 
Excluded line regular expressions: 
Substitute pdb source paths: 

[2022-04-08 17:52:15] [info] Module: C:\Users\simon\Documents\Facultate\Laboratoare\Second_semester\Structuri de date si algoritmi\laborator1\x64\Debug\laborator1.exe is selected because it matches selected pattern: C:\Users\simon\Documents\Facultate\Laboratoare\Second_semester\Structuri de date si algoritmi\laborator1\x64\Debug\laborator1.exe
[2022-04-08 17:52:35] [info] ----------------------------------------------------
[2022-04-08 17:52:35] [info] Coverage binary generated in file: C:\Users\simon\AppData\Local\Temp\pdhp0ewg.ncg
[2022-04-08 17:52:35] [info] ----------------------------------------------------
